<?xml version="1.0" encoding="UTF-8"?>
<testng-results skipped="68" failed="0" ignored="0" total="68" passed="0">
  <reporter-output>
  </reporter-output>
  <suite name="s1" duration-ms="2614" started-at="2018-12-12T06:25:41Z" finished-at="2018-12-12T06:25:43Z">
    <groups>
    </groups>
    <test name="personnel" duration-ms="2614" started-at="2018-12-12T06:25:41Z" finished-at="2018-12-12T06:25:43Z">
      <class name="com.webtest.personnel.personnal_files.File_Subscript_Test">
        <test-method status="SKIP" signature="doBeforeSuite()[pri:0, instance:com.webtest.personnel.personnal_files.File_Subscript_Test@4dfa3a9d]" name="doBeforeSuite" is-config="true" duration-ms="0" started-at="2018-12-12T06:25:43Z" finished-at="2018-12-12T06:25:43Z">
          <reporter-output>
          </reporter-output>
        </test-method> <!-- doBeforeSuite -->
        <test-method status="SKIP" signature="initAction()[pri:0, instance:com.webtest.personnel.personnal_files.File_Subscript_Test@4dfa3a9d]" name="initAction" is-config="true" duration-ms="0" started-at="2018-12-12T06:25:43Z" finished-at="2018-12-12T06:25:43Z">
          <reporter-output>
          </reporter-output>
        </test-method> <!-- initAction -->
        <test-method status="SKIP" signature="testSubscript()[pri:0, instance:com.webtest.personnel.personnal_files.File_Subscript_Test@4dfa3a9d]" name="testSubscript" duration-ms="0" started-at="2018-12-12T06:25:43Z" finished-at="2018-12-12T06:25:43Z">
          <exception class="java.lang.IllegalStateException">
            <message>
              <![CDATA[Specified firefox binary location does not exist or is not a real file: C:\Program Files\Mozilla Firefox\firefox.exe]]>
            </message>
            <full-stacktrace>
              <![CDATA[java.lang.IllegalStateException: Specified firefox binary location does not exist or is not a real file: C:\Program Files\Mozilla Firefox\firefox.exe
at com.google.common.base.Preconditions.checkState(Preconditions.java:459)
at org.openqa.selenium.firefox.internal.Executable.<init>(Executable.java:45)
at org.openqa.selenium.firefox.FirefoxBinary.<init>(FirefoxBinary.java:139)
at org.openqa.selenium.firefox.FirefoxOptions$Binary.asBinary(FirefoxOptions.java:442)
at java.util.Optional.map(Optional.java:215)
at org.openqa.selenium.firefox.FirefoxOptions.getBinaryOrNull(FirefoxOptions.java:221)
at org.openqa.selenium.firefox.FirefoxOptions.getBinary(FirefoxOptions.java:217)
at org.openqa.selenium.firefox.FirefoxDriver.toExecutor(FirefoxDriver.java:147)
at org.openqa.selenium.firefox.FirefoxDriver.<init>(FirefoxDriver.java:120)
at org.openqa.selenium.firefox.FirefoxDriver.<init>(FirefoxDriver.java:98)
at com.webtest.core.BaseTest.newWebDriver(Unknown Source)
at com.webtest.core.BaseTest.doBeforeSuite(Unknown Source)
at sun.reflect.NativeMethodAccessorImpl.invoke0(Native Method)
at sun.reflect.NativeMethodAccessorImpl.invoke(NativeMethodAccessorImpl.java:62)
at sun.reflect.DelegatingMethodAccessorImpl.invoke(DelegatingMethodAccessorImpl.java:43)
at java.lang.reflect.Method.invoke(Method.java:498)
at org.testng.internal.MethodInvocationHelper.invokeMethod(MethodInvocationHelper.java:124)
at org.testng.internal.MethodInvocationHelper.invokeMethodConsideringTimeout(MethodInvocationHelper.java:59)
at org.testng.internal.Invoker.invokeConfigurationMethod(Invoker.java:455)
at org.testng.internal.Invoker.invokeConfigurations(Invoker.java:222)
at org.testng.internal.Invoker.invokeConfigurations(Invoker.java:142)
at org.testng.internal.TestMethodWorker.invokeBeforeClassMethods(TestMethodWorker.java:168)
at org.testng.internal.TestMethodWorker.run(TestMethodWorker.java:105)
at org.testng.TestRunner.privateRun(TestRunner.java:648)
at org.testng.TestRunner.run(TestRunner.java:505)
at org.testng.SuiteRunner.runTest(SuiteRunner.java:455)
at org.testng.SuiteRunner.runSequentially(SuiteRunner.java:450)
at org.testng.SuiteRunner.privateRun(SuiteRunner.java:415)
at org.testng.SuiteRunner.run(SuiteRunner.java:364)
at org.testng.SuiteRunnerWorker.runSuite(SuiteRunnerWorker.java:52)
at org.testng.SuiteRunnerWorker.run(SuiteRunnerWorker.java:84)
at org.testng.TestNG.runSuitesSequentially(TestNG.java:1208)
at org.testng.TestNG.runSuitesLocally(TestNG.java:1137)
at org.testng.TestNG.runSuites(TestNG.java:1049)
at org.testng.TestNG.run(TestNG.java:1017)
at org.testng.TestNG.privateMain(TestNG.java:1354)
at org.testng.TestNG.main(TestNG.java:1323)
]]>
            </full-stacktrace>
          </exception> <!-- java.lang.IllegalStateException -->
          <reporter-output>
          </reporter-output>
        </test-method> <!-- testSubscript -->
        <test-method status="SKIP" signature="doAfterMethod()[pri:0, instance:com.webtest.personnel.personnal_files.File_Subscript_Test@4dfa3a9d]" name="doAfterMethod" is-config="true" duration-ms="0" started-at="2018-12-12T06:25:43Z" finished-at="2018-12-12T06:25:43Z">
          <reporter-output>
          </reporter-output>
        </test-method> <!-- doAfterMethod -->
      </class> <!-- com.webtest.personnel.personnal_files.File_Subscript_Test -->
      <class name="com.webtest.customer.test.HighSearch_test">
        <test-method status="SKIP" signature="enter_customer()[pri:0, instance:com.webtest.customer.test.HighSearch_test@402a079c]" name="enter_customer" is-config="true" duration-ms="0" started-at="2018-12-12T06:25:43Z" finished-at="2018-12-12T06:25:43Z">
          <reporter-output>
          </reporter-output>
        </test-method> <!-- enter_customer -->
        <test-method status="SKIP" signature="doBeforeSuite()[pri:0, instance:com.webtest.customer.test.HighSearch_test@402a079c]" name="doBeforeSuite" is-config="true" duration-ms="0" started-at="2018-12-12T06:25:43Z" finished-at="2018-12-12T06:25:43Z">
          <reporter-output>
          </reporter-output>
        </test-method> <!-- doBeforeSuite -->
        <test-method status="SKIP" signature="enter_customer_hightsearch()[pri:0, instance:com.webtest.customer.test.HighSearch_test@402a079c]" name="enter_customer_hightsearch" is-config="true" duration-ms="0" started-at="2018-12-12T06:25:43Z" finished-at="2018-12-12T06:25:43Z">
          <reporter-output>
          </reporter-output>
        </test-method> <!-- enter_customer_hightsearch -->
        <test-method status="SKIP" signature="custname()[pri:0, instance:com.webtest.customer.test.HighSearch_test@402a079c]" name="custname" duration-ms="0" started-at="2018-12-12T06:25:43Z" finished-at="2018-12-12T06:25:43Z">
          <exception class="java.lang.IllegalStateException">
            <message>
              <![CDATA[Specified firefox binary location does not exist or is not a real file: C:\Program Files\Mozilla Firefox\firefox.exe]]>
            </message>
            <full-stacktrace>
              <![CDATA[java.lang.IllegalStateException: Specified firefox binary location does not exist or is not a real file: C:\Program Files\Mozilla Firefox\firefox.exe
at com.google.common.base.Preconditions.checkState(Preconditions.java:459)
at org.openqa.selenium.firefox.internal.Executable.<init>(Executable.java:45)
at org.openqa.selenium.firefox.FirefoxBinary.<init>(FirefoxBinary.java:139)
at org.openqa.selenium.firefox.FirefoxOptions$Binary.asBinary(FirefoxOptions.java:442)
at java.util.Optional.map(Optional.java:215)
at org.openqa.selenium.firefox.FirefoxOptions.getBinaryOrNull(FirefoxOptions.java:221)
at org.openqa.selenium.firefox.FirefoxOptions.getBinary(FirefoxOptions.java:217)
at org.openqa.selenium.firefox.FirefoxDriver.toExecutor(FirefoxDriver.java:147)
at org.openqa.selenium.firefox.FirefoxDriver.<init>(FirefoxDriver.java:120)
at org.openqa.selenium.firefox.FirefoxDriver.<init>(FirefoxDriver.java:98)
at com.webtest.core.BaseTest.newWebDriver(Unknown Source)
at com.webtest.core.BaseTest.doBeforeSuite(Unknown Source)
at sun.reflect.NativeMethodAccessorImpl.invoke0(Native Method)
at sun.reflect.NativeMethodAccessorImpl.invoke(NativeMethodAccessorImpl.java:62)
at sun.reflect.DelegatingMethodAccessorImpl.invoke(DelegatingMethodAccessorImpl.java:43)
at java.lang.reflect.Method.invoke(Method.java:498)
at org.testng.internal.MethodInvocationHelper.invokeMethod(MethodInvocationHelper.java:124)
at org.testng.internal.MethodInvocationHelper.invokeMethodConsideringTimeout(MethodInvocationHelper.java:59)
at org.testng.internal.Invoker.invokeConfigurationMethod(Invoker.java:455)
at org.testng.internal.Invoker.invokeConfigurations(Invoker.java:222)
at org.testng.internal.Invoker.invokeConfigurations(Invoker.java:142)
at org.testng.internal.TestMethodWorker.invokeBeforeClassMethods(TestMethodWorker.java:168)
at org.testng.internal.TestMethodWorker.run(TestMethodWorker.java:105)
at org.testng.TestRunner.privateRun(TestRunner.java:648)
at org.testng.TestRunner.run(TestRunner.java:505)
at org.testng.SuiteRunner.runTest(SuiteRunner.java:455)
at org.testng.SuiteRunner.runSequentially(SuiteRunner.java:450)
at org.testng.SuiteRunner.privateRun(SuiteRunner.java:415)
at org.testng.SuiteRunner.run(SuiteRunner.java:364)
at org.testng.SuiteRunnerWorker.runSuite(SuiteRunnerWorker.java:52)
at org.testng.SuiteRunnerWorker.run(SuiteRunnerWorker.java:84)
at org.testng.TestNG.runSuitesSequentially(TestNG.java:1208)
at org.testng.TestNG.runSuitesLocally(TestNG.java:1137)
at org.testng.TestNG.runSuites(TestNG.java:1049)
at org.testng.TestNG.run(TestNG.java:1017)
at org.testng.TestNG.privateMain(TestNG.java:1354)
at org.testng.TestNG.main(TestNG.java:1323)
]]>
            </full-stacktrace>
          </exception> <!-- java.lang.IllegalStateException -->
          <reporter-output>
          </reporter-output>
        </test-method> <!-- custname -->
        <test-method status="SKIP" signature="enter_customer_hightsearch()[pri:0, instance:com.webtest.customer.test.HighSearch_test@402a079c]" name="enter_customer_hightsearch" is-config="true" duration-ms="0" started-at="2018-12-12T06:25:43Z" finished-at="2018-12-12T06:25:43Z">
          <reporter-output>
          </reporter-output>
        </test-method> <!-- enter_customer_hightsearch -->
        <test-method status="SKIP" signature="htshu()[pri:0, instance:com.webtest.customer.test.HighSearch_test@402a079c]" name="htshu" duration-ms="0" started-at="2018-12-12T06:25:43Z" finished-at="2018-12-12T06:25:43Z">
          <exception class="java.lang.IllegalStateException">
            <message>
              <![CDATA[Specified firefox binary location does not exist or is not a real file: C:\Program Files\Mozilla Firefox\firefox.exe]]>
            </message>
            <full-stacktrace>
              <![CDATA[java.lang.IllegalStateException: Specified firefox binary location does not exist or is not a real file: C:\Program Files\Mozilla Firefox\firefox.exe
at com.google.common.base.Preconditions.checkState(Preconditions.java:459)
at org.openqa.selenium.firefox.internal.Executable.<init>(Executable.java:45)
at org.openqa.selenium.firefox.FirefoxBinary.<init>(FirefoxBinary.java:139)
at org.openqa.selenium.firefox.FirefoxOptions$Binary.asBinary(FirefoxOptions.java:442)
at java.util.Optional.map(Optional.java:215)
at org.openqa.selenium.firefox.FirefoxOptions.getBinaryOrNull(FirefoxOptions.java:221)
at org.openqa.selenium.firefox.FirefoxOptions.getBinary(FirefoxOptions.java:217)
at org.openqa.selenium.firefox.FirefoxDriver.toExecutor(FirefoxDriver.java:147)
at org.openqa.selenium.firefox.FirefoxDriver.<init>(FirefoxDriver.java:120)
at org.openqa.selenium.firefox.FirefoxDriver.<init>(FirefoxDriver.java:98)
at com.webtest.core.BaseTest.newWebDriver(Unknown Source)
at com.webtest.core.BaseTest.doBeforeSuite(Unknown Source)
at sun.reflect.NativeMethodAccessorImpl.invoke0(Native Method)
at sun.reflect.NativeMethodAccessorImpl.invoke(NativeMethodAccessorImpl.java:62)
at sun.reflect.DelegatingMethodAccessorImpl.invoke(DelegatingMethodAccessorImpl.java:43)
at java.lang.reflect.Method.invoke(Method.java:498)
at org.testng.internal.MethodInvocationHelper.invokeMethod(MethodInvocationHelper.java:124)
at org.testng.internal.MethodInvocationHelper.invokeMethodConsideringTimeout(MethodInvocationHelper.java:59)
at org.testng.internal.Invoker.invokeConfigurationMethod(Invoker.java:455)
at org.testng.internal.Invoker.invokeConfigurations(Invoker.java:222)
at org.testng.internal.Invoker.invokeConfigurations(Invoker.java:142)
at org.testng.internal.TestMethodWorker.invokeBeforeClassMethods(TestMethodWorker.java:168)
at org.testng.internal.TestMethodWorker.run(TestMethodWorker.java:105)
at org.testng.TestRunner.privateRun(TestRunner.java:648)
at org.testng.TestRunner.run(TestRunner.java:505)
at org.testng.SuiteRunner.runTest(SuiteRunner.java:455)
at org.testng.SuiteRunner.runSequentially(SuiteRunner.java:450)
at org.testng.SuiteRunner.privateRun(SuiteRunner.java:415)
at org.testng.SuiteRunner.run(SuiteRunner.java:364)
at org.testng.SuiteRunnerWorker.runSuite(SuiteRunnerWorker.java:52)
at org.testng.SuiteRunnerWorker.run(SuiteRunnerWorker.java:84)
at org.testng.TestNG.runSuitesSequentially(TestNG.java:1208)
at org.testng.TestNG.runSuitesLocally(TestNG.java:1137)
at org.testng.TestNG.runSuites(TestNG.java:1049)
at org.testng.TestNG.run(TestNG.java:1017)
at org.testng.TestNG.privateMain(TestNG.java:1354)
at org.testng.TestNG.main(TestNG.java:1323)
]]>
            </full-stacktrace>
          </exception> <!-- java.lang.IllegalStateException -->
          <reporter-output>
          </reporter-output>
        </test-method> <!-- htshu -->
        <test-method status="SKIP" signature="mobile()[pri:0, instance:com.webtest.customer.test.HighSearch_test@402a079c]" name="mobile" duration-ms="0" started-at="2018-12-12T06:25:43Z" finished-at="2018-12-12T06:25:43Z">
          <exception class="java.lang.IllegalStateException">
            <message>
              <![CDATA[Specified firefox binary location does not exist or is not a real file: C:\Program Files\Mozilla Firefox\firefox.exe]]>
            </message>
            <full-stacktrace>
              <![CDATA[java.lang.IllegalStateException: Specified firefox binary location does not exist or is not a real file: C:\Program Files\Mozilla Firefox\firefox.exe
at com.google.common.base.Preconditions.checkState(Preconditions.java:459)
at org.openqa.selenium.firefox.internal.Executable.<init>(Executable.java:45)
at org.openqa.selenium.firefox.FirefoxBinary.<init>(FirefoxBinary.java:139)
at org.openqa.selenium.firefox.FirefoxOptions$Binary.asBinary(FirefoxOptions.java:442)
at java.util.Optional.map(Optional.java:215)
at org.openqa.selenium.firefox.FirefoxOptions.getBinaryOrNull(FirefoxOptions.java:221)
at org.openqa.selenium.firefox.FirefoxOptions.getBinary(FirefoxOptions.java:217)
at org.openqa.selenium.firefox.FirefoxDriver.toExecutor(FirefoxDriver.java:147)
at org.openqa.selenium.firefox.FirefoxDriver.<init>(FirefoxDriver.java:120)
at org.openqa.selenium.firefox.FirefoxDriver.<init>(FirefoxDriver.java:98)
at com.webtest.core.BaseTest.newWebDriver(Unknown Source)
at com.webtest.core.BaseTest.doBeforeSuite(Unknown Source)
at sun.reflect.NativeMethodAccessorImpl.invoke0(Native Method)
at sun.reflect.NativeMethodAccessorImpl.invoke(NativeMethodAccessorImpl.java:62)
at sun.reflect.DelegatingMethodAccessorImpl.invoke(DelegatingMethodAccessorImpl.java:43)
at java.lang.reflect.Method.invoke(Method.java:498)
at org.testng.internal.MethodInvocationHelper.invokeMethod(MethodInvocationHelper.java:124)
at org.testng.internal.MethodInvocationHelper.invokeMethodConsideringTimeout(MethodInvocationHelper.java:59)
at org.testng.internal.Invoker.invokeConfigurationMethod(Invoker.java:455)
at org.testng.internal.Invoker.invokeConfigurations(Invoker.java:222)
at org.testng.internal.Invoker.invokeConfigurations(Invoker.java:142)
at org.testng.internal.TestMethodWorker.invokeBeforeClassMethods(TestMethodWorker.java:168)
at org.testng.internal.TestMethodWorker.run(TestMethodWorker.java:105)
at org.testng.TestRunner.privateRun(TestRunner.java:648)
at org.testng.TestRunner.run(TestRunner.java:505)
at org.testng.SuiteRunner.runTest(SuiteRunner.java:455)
at org.testng.SuiteRunner.runSequentially(SuiteRunner.java:450)
at org.testng.SuiteRunner.privateRun(SuiteRunner.java:415)
at org.testng.SuiteRunner.run(SuiteRunner.java:364)
at org.testng.SuiteRunnerWorker.runSuite(SuiteRunnerWorker.java:52)
at org.testng.SuiteRunnerWorker.run(SuiteRunnerWorker.java:84)
at org.testng.TestNG.runSuitesSequentially(TestNG.java:1208)
at org.testng.TestNG.runSuitesLocally(TestNG.java:1137)
at org.testng.TestNG.runSuites(TestNG.java:1049)
at org.testng.TestNG.run(TestNG.java:1017)
at org.testng.TestNG.privateMain(TestNG.java:1354)
at org.testng.TestNG.main(TestNG.java:1323)
]]>
            </full-stacktrace>
          </exception> <!-- java.lang.IllegalStateException -->
          <reporter-output>
          </reporter-output>
        </test-method> <!-- mobile -->
        <test-method status="SKIP" signature="enter_customer_hightsearch()[pri:0, instance:com.webtest.customer.test.HighSearch_test@402a079c]" name="enter_customer_hightsearch" is-config="true" duration-ms="0" started-at="2018-12-12T06:25:43Z" finished-at="2018-12-12T06:25:43Z">
          <reporter-output>
          </reporter-output>
        </test-method> <!-- enter_customer_hightsearch -->
        <test-method status="SKIP" signature="moneyz()[pri:0, instance:com.webtest.customer.test.HighSearch_test@402a079c]" name="moneyz" duration-ms="0" started-at="2018-12-12T06:25:43Z" finished-at="2018-12-12T06:25:43Z">
          <exception class="java.lang.IllegalStateException">
            <message>
              <![CDATA[Specified firefox binary location does not exist or is not a real file: C:\Program Files\Mozilla Firefox\firefox.exe]]>
            </message>
            <full-stacktrace>
              <![CDATA[java.lang.IllegalStateException: Specified firefox binary location does not exist or is not a real file: C:\Program Files\Mozilla Firefox\firefox.exe
at com.google.common.base.Preconditions.checkState(Preconditions.java:459)
at org.openqa.selenium.firefox.internal.Executable.<init>(Executable.java:45)
at org.openqa.selenium.firefox.FirefoxBinary.<init>(FirefoxBinary.java:139)
at org.openqa.selenium.firefox.FirefoxOptions$Binary.asBinary(FirefoxOptions.java:442)
at java.util.Optional.map(Optional.java:215)
at org.openqa.selenium.firefox.FirefoxOptions.getBinaryOrNull(FirefoxOptions.java:221)
at org.openqa.selenium.firefox.FirefoxOptions.getBinary(FirefoxOptions.java:217)
at org.openqa.selenium.firefox.FirefoxDriver.toExecutor(FirefoxDriver.java:147)
at org.openqa.selenium.firefox.FirefoxDriver.<init>(FirefoxDriver.java:120)
at org.openqa.selenium.firefox.FirefoxDriver.<init>(FirefoxDriver.java:98)
at com.webtest.core.BaseTest.newWebDriver(Unknown Source)
at com.webtest.core.BaseTest.doBeforeSuite(Unknown Source)
at sun.reflect.NativeMethodAccessorImpl.invoke0(Native Method)
at sun.reflect.NativeMethodAccessorImpl.invoke(NativeMethodAccessorImpl.java:62)
at sun.reflect.DelegatingMethodAccessorImpl.invoke(DelegatingMethodAccessorImpl.java:43)
at java.lang.reflect.Method.invoke(Method.java:498)
at org.testng.internal.MethodInvocationHelper.invokeMethod(MethodInvocationHelper.java:124)
at org.testng.internal.MethodInvocationHelper.invokeMethodConsideringTimeout(MethodInvocationHelper.java:59)
at org.testng.internal.Invoker.invokeConfigurationMethod(Invoker.java:455)
at org.testng.internal.Invoker.invokeConfigurations(Invoker.java:222)
at org.testng.internal.Invoker.invokeConfigurations(Invoker.java:142)
at org.testng.internal.TestMethodWorker.invokeBeforeClassMethods(TestMethodWorker.java:168)
at org.testng.internal.TestMethodWorker.run(TestMethodWorker.java:105)
at org.testng.TestRunner.privateRun(TestRunner.java:648)
at org.testng.TestRunner.run(TestRunner.java:505)
at org.testng.SuiteRunner.runTest(SuiteRunner.java:455)
at org.testng.SuiteRunner.runSequentially(SuiteRunner.java:450)
at org.testng.SuiteRunner.privateRun(SuiteRunner.java:415)
at org.testng.SuiteRunner.run(SuiteRunner.java:364)
at org.testng.SuiteRunnerWorker.runSuite(SuiteRunnerWorker.java:52)
at org.testng.SuiteRunnerWorker.run(SuiteRunnerWorker.java:84)
at org.testng.TestNG.runSuitesSequentially(TestNG.java:1208)
at org.testng.TestNG.runSuitesLocally(TestNG.java:1137)
at org.testng.TestNG.runSuites(TestNG.java:1049)
at org.testng.TestNG.run(TestNG.java:1017)
at org.testng.TestNG.privateMain(TestNG.java:1354)
at org.testng.TestNG.main(TestNG.java:1323)
]]>
            </full-stacktrace>
          </exception> <!-- java.lang.IllegalStateException -->
          <reporter-output>
          </reporter-output>
        </test-method> <!-- moneyz -->
        <test-method status="SKIP" signature="enter_customer_hightsearch()[pri:0, instance:com.webtest.customer.test.HighSearch_test@402a079c]" name="enter_customer_hightsearch" is-config="true" duration-ms="0" started-at="2018-12-12T06:25:43Z" finished-at="2018-12-12T06:25:43Z">
          <reporter-output>
          </reporter-output>
        </test-method> <!-- enter_customer_hightsearch -->
        <test-method status="SKIP" signature="doAfterMethod()[pri:0, instance:com.webtest.customer.test.HighSearch_test@402a079c]" name="doAfterMethod" is-config="true" duration-ms="0" started-at="2018-12-12T06:25:43Z" finished-at="2018-12-12T06:25:43Z">
          <reporter-output>
          </reporter-output>
        </test-method> <!-- doAfterMethod -->
        <test-method status="SKIP" signature="type()[pri:0, instance:com.webtest.customer.test.HighSearch_test@402a079c]" name="type" duration-ms="0" started-at="2018-12-12T06:25:43Z" finished-at="2018-12-12T06:25:43Z">
          <exception class="java.lang.IllegalStateException">
            <message>
              <![CDATA[Specified firefox binary location does not exist or is not a real file: C:\Program Files\Mozilla Firefox\firefox.exe]]>
            </message>
            <full-stacktrace>
              <![CDATA[java.lang.IllegalStateException: Specified firefox binary location does not exist or is not a real file: C:\Program Files\Mozilla Firefox\firefox.exe
at com.google.common.base.Preconditions.checkState(Preconditions.java:459)
at org.openqa.selenium.firefox.internal.Executable.<init>(Executable.java:45)
at org.openqa.selenium.firefox.FirefoxBinary.<init>(FirefoxBinary.java:139)
at org.openqa.selenium.firefox.FirefoxOptions$Binary.asBinary(FirefoxOptions.java:442)
at java.util.Optional.map(Optional.java:215)
at org.openqa.selenium.firefox.FirefoxOptions.getBinaryOrNull(FirefoxOptions.java:221)
at org.openqa.selenium.firefox.FirefoxOptions.getBinary(FirefoxOptions.java:217)
at org.openqa.selenium.firefox.FirefoxDriver.toExecutor(FirefoxDriver.java:147)
at org.openqa.selenium.firefox.FirefoxDriver.<init>(FirefoxDriver.java:120)
at org.openqa.selenium.firefox.FirefoxDriver.<init>(FirefoxDriver.java:98)
at com.webtest.core.BaseTest.newWebDriver(Unknown Source)
at com.webtest.core.BaseTest.doBeforeSuite(Unknown Source)
at sun.reflect.NativeMethodAccessorImpl.invoke0(Native Method)
at sun.reflect.NativeMethodAccessorImpl.invoke(NativeMethodAccessorImpl.java:62)
at sun.reflect.DelegatingMethodAccessorImpl.invoke(DelegatingMethodAccessorImpl.java:43)
at java.lang.reflect.Method.invoke(Method.java:498)
at org.testng.internal.MethodInvocationHelper.invokeMethod(MethodInvocationHelper.java:124)
at org.testng.internal.MethodInvocationHelper.invokeMethodConsideringTimeout(MethodInvocationHelper.java:59)
at org.testng.internal.Invoker.invokeConfigurationMethod(Invoker.java:455)
at org.testng.internal.Invoker.invokeConfigurations(Invoker.java:222)
at org.testng.internal.Invoker.invokeConfigurations(Invoker.java:142)
at org.testng.internal.TestMethodWorker.invokeBeforeClassMethods(TestMethodWorker.java:168)
at org.testng.internal.TestMethodWorker.run(TestMethodWorker.java:105)
at org.testng.TestRunner.privateRun(TestRunner.java:648)
at org.testng.TestRunner.run(TestRunner.java:505)
at org.testng.SuiteRunner.runTest(SuiteRunner.java:455)
at org.testng.SuiteRunner.runSequentially(SuiteRunner.java:450)
at org.testng.SuiteRunner.privateRun(SuiteRunner.java:415)
at org.testng.SuiteRunner.run(SuiteRunner.java:364)
at org.testng.SuiteRunnerWorker.runSuite(SuiteRunnerWorker.java:52)
at org.testng.SuiteRunnerWorker.run(SuiteRunnerWorker.java:84)
at org.testng.TestNG.runSuitesSequentially(TestNG.java:1208)
at org.testng.TestNG.runSuitesLocally(TestNG.java:1137)
at org.testng.TestNG.runSuites(TestNG.java:1049)
at org.testng.TestNG.run(TestNG.java:1017)
at org.testng.TestNG.privateMain(TestNG.java:1354)
at org.testng.TestNG.main(TestNG.java:1323)
]]>
            </full-stacktrace>
          </exception> <!-- java.lang.IllegalStateException -->
          <reporter-output>
          </reporter-output>
        </test-method> <!-- type -->
        <test-method status="SKIP" signature="enter_customer_hightsearch()[pri:0, instance:com.webtest.customer.test.HighSearch_test@402a079c]" name="enter_customer_hightsearch" is-config="true" duration-ms="0" started-at="2018-12-12T06:25:43Z" finished-at="2018-12-12T06:25:43Z">
          <reporter-output>
          </reporter-output>
        </test-method> <!-- enter_customer_hightsearch -->
      </class> <!-- com.webtest.customer.test.HighSearch_test -->
      <class name="com.webtest.personnel.personnal_files.File_Flush_Test">
        <test-method status="SKIP" signature="initAction()[pri:0, instance:com.webtest.personnel.personnal_files.File_Flush_Test@77cd7a0]" name="initAction" is-config="true" duration-ms="0" started-at="2018-12-12T06:25:41Z" finished-at="2018-12-12T06:25:41Z">
          <reporter-output>
          </reporter-output>
        </test-method> <!-- initAction -->
        <test-method status="SKIP" signature="doAfterMethod()[pri:0, instance:com.webtest.personnel.personnal_files.File_Flush_Test@77cd7a0]" name="doAfterMethod" is-config="true" duration-ms="0" started-at="2018-12-12T06:25:41Z" finished-at="2018-12-12T06:25:41Z">
          <reporter-output>
          </reporter-output>
        </test-method> <!-- doAfterMethod -->
        <test-method status="SKIP" signature="testFlush()[pri:0, instance:com.webtest.personnel.personnal_files.File_Flush_Test@77cd7a0]" name="testFlush" duration-ms="0" started-at="2018-12-12T06:25:41Z" finished-at="2018-12-12T06:25:41Z">
          <exception class="java.lang.IllegalStateException">
            <message>
              <![CDATA[Specified firefox binary location does not exist or is not a real file: C:\Program Files\Mozilla Firefox\firefox.exe]]>
            </message>
            <full-stacktrace>
              <![CDATA[java.lang.IllegalStateException: Specified firefox binary location does not exist or is not a real file: C:\Program Files\Mozilla Firefox\firefox.exe
at com.google.common.base.Preconditions.checkState(Preconditions.java:459)
at org.openqa.selenium.firefox.internal.Executable.<init>(Executable.java:45)
at org.openqa.selenium.firefox.FirefoxBinary.<init>(FirefoxBinary.java:139)
at org.openqa.selenium.firefox.FirefoxOptions$Binary.asBinary(FirefoxOptions.java:442)
at java.util.Optional.map(Optional.java:215)
at org.openqa.selenium.firefox.FirefoxOptions.getBinaryOrNull(FirefoxOptions.java:221)
at org.openqa.selenium.firefox.FirefoxOptions.getBinary(FirefoxOptions.java:217)
at org.openqa.selenium.firefox.FirefoxDriver.toExecutor(FirefoxDriver.java:147)
at org.openqa.selenium.firefox.FirefoxDriver.<init>(FirefoxDriver.java:120)
at org.openqa.selenium.firefox.FirefoxDriver.<init>(FirefoxDriver.java:98)
at com.webtest.core.BaseTest.newWebDriver(Unknown Source)
at com.webtest.core.BaseTest.doBeforeSuite(Unknown Source)
at sun.reflect.NativeMethodAccessorImpl.invoke0(Native Method)
at sun.reflect.NativeMethodAccessorImpl.invoke(NativeMethodAccessorImpl.java:62)
at sun.reflect.DelegatingMethodAccessorImpl.invoke(DelegatingMethodAccessorImpl.java:43)
at java.lang.reflect.Method.invoke(Method.java:498)
at org.testng.internal.MethodInvocationHelper.invokeMethod(MethodInvocationHelper.java:124)
at org.testng.internal.MethodInvocationHelper.invokeMethodConsideringTimeout(MethodInvocationHelper.java:59)
at org.testng.internal.Invoker.invokeConfigurationMethod(Invoker.java:455)
at org.testng.internal.Invoker.invokeConfigurations(Invoker.java:222)
at org.testng.internal.Invoker.invokeConfigurations(Invoker.java:142)
at org.testng.internal.TestMethodWorker.invokeBeforeClassMethods(TestMethodWorker.java:168)
at org.testng.internal.TestMethodWorker.run(TestMethodWorker.java:105)
at org.testng.TestRunner.privateRun(TestRunner.java:648)
at org.testng.TestRunner.run(TestRunner.java:505)
at org.testng.SuiteRunner.runTest(SuiteRunner.java:455)
at org.testng.SuiteRunner.runSequentially(SuiteRunner.java:450)
at org.testng.SuiteRunner.privateRun(SuiteRunner.java:415)
at org.testng.SuiteRunner.run(SuiteRunner.java:364)
at org.testng.SuiteRunnerWorker.runSuite(SuiteRunnerWorker.java:52)
at org.testng.SuiteRunnerWorker.run(SuiteRunnerWorker.java:84)
at org.testng.TestNG.runSuitesSequentially(TestNG.java:1208)
at org.testng.TestNG.runSuitesLocally(TestNG.java:1137)
at org.testng.TestNG.runSuites(TestNG.java:1049)
at org.testng.TestNG.run(TestNG.java:1017)
at org.testng.TestNG.privateMain(TestNG.java:1354)
at org.testng.TestNG.main(TestNG.java:1323)
]]>
            </full-stacktrace>
          </exception> <!-- java.lang.IllegalStateException -->
          <reporter-output>
          </reporter-output>
        </test-method> <!-- testFlush -->
        <test-method status="SKIP" signature="doBeforeSuite()[pri:0, instance:com.webtest.personnel.personnal_files.File_Flush_Test@77cd7a0]" name="doBeforeSuite" is-config="true" duration-ms="0" started-at="2018-12-12T06:25:41Z" finished-at="2018-12-12T06:25:41Z">
          <reporter-output>
          </reporter-output>
        </test-method> <!-- doBeforeSuite -->
      </class> <!-- com.webtest.personnel.personnal_files.File_Flush_Test -->
      <class name="com.webtest.xinhu_personal.Addnotice_time">
        <test-method status="SKIP" signature="doBeforeSuite()[pri:0, instance:com.webtest.xinhu_personal.Addnotice_time@31ef45e3]" name="doBeforeSuite" is-config="true" duration-ms="0" started-at="2018-12-12T06:25:43Z" finished-at="2018-12-12T06:25:43Z">
          <reporter-output>
          </reporter-output>
        </test-method> <!-- doBeforeSuite -->
        <test-method status="SKIP" signature="login4()[pri:0, instance:com.webtest.xinhu_personal.Addnotice_time@31ef45e3]" name="login4" duration-ms="0" started-at="2018-12-12T06:25:43Z" finished-at="2018-12-12T06:25:43Z">
          <exception class="java.lang.IllegalStateException">
            <message>
              <![CDATA[Specified firefox binary location does not exist or is not a real file: C:\Program Files\Mozilla Firefox\firefox.exe]]>
            </message>
            <full-stacktrace>
              <![CDATA[java.lang.IllegalStateException: Specified firefox binary location does not exist or is not a real file: C:\Program Files\Mozilla Firefox\firefox.exe
at com.google.common.base.Preconditions.checkState(Preconditions.java:459)
at org.openqa.selenium.firefox.internal.Executable.<init>(Executable.java:45)
at org.openqa.selenium.firefox.FirefoxBinary.<init>(FirefoxBinary.java:139)
at org.openqa.selenium.firefox.FirefoxOptions$Binary.asBinary(FirefoxOptions.java:442)
at java.util.Optional.map(Optional.java:215)
at org.openqa.selenium.firefox.FirefoxOptions.getBinaryOrNull(FirefoxOptions.java:221)
at org.openqa.selenium.firefox.FirefoxOptions.getBinary(FirefoxOptions.java:217)
at org.openqa.selenium.firefox.FirefoxDriver.toExecutor(FirefoxDriver.java:147)
at org.openqa.selenium.firefox.FirefoxDriver.<init>(FirefoxDriver.java:120)
at org.openqa.selenium.firefox.FirefoxDriver.<init>(FirefoxDriver.java:98)
at com.webtest.core.BaseTest.newWebDriver(Unknown Source)
at com.webtest.core.BaseTest.doBeforeSuite(Unknown Source)
at sun.reflect.NativeMethodAccessorImpl.invoke0(Native Method)
at sun.reflect.NativeMethodAccessorImpl.invoke(NativeMethodAccessorImpl.java:62)
at sun.reflect.DelegatingMethodAccessorImpl.invoke(DelegatingMethodAccessorImpl.java:43)
at java.lang.reflect.Method.invoke(Method.java:498)
at org.testng.internal.MethodInvocationHelper.invokeMethod(MethodInvocationHelper.java:124)
at org.testng.internal.MethodInvocationHelper.invokeMethodConsideringTimeout(MethodInvocationHelper.java:59)
at org.testng.internal.Invoker.invokeConfigurationMethod(Invoker.java:455)
at org.testng.internal.Invoker.invokeConfigurations(Invoker.java:222)
at org.testng.internal.Invoker.invokeConfigurations(Invoker.java:142)
at org.testng.internal.TestMethodWorker.invokeBeforeClassMethods(TestMethodWorker.java:168)
at org.testng.internal.TestMethodWorker.run(TestMethodWorker.java:105)
at org.testng.TestRunner.privateRun(TestRunner.java:648)
at org.testng.TestRunner.run(TestRunner.java:505)
at org.testng.SuiteRunner.runTest(SuiteRunner.java:455)
at org.testng.SuiteRunner.runSequentially(SuiteRunner.java:450)
at org.testng.SuiteRunner.privateRun(SuiteRunner.java:415)
at org.testng.SuiteRunner.run(SuiteRunner.java:364)
at org.testng.SuiteRunnerWorker.runSuite(SuiteRunnerWorker.java:52)
at org.testng.SuiteRunnerWorker.run(SuiteRunnerWorker.java:84)
at org.testng.TestNG.runSuitesSequentially(TestNG.java:1208)
at org.testng.TestNG.runSuitesLocally(TestNG.java:1137)
at org.testng.TestNG.runSuites(TestNG.java:1049)
at org.testng.TestNG.run(TestNG.java:1017)
at org.testng.TestNG.privateMain(TestNG.java:1354)
at org.testng.TestNG.main(TestNG.java:1323)
]]>
            </full-stacktrace>
          </exception> <!-- java.lang.IllegalStateException -->
          <reporter-output>
          </reporter-output>
        </test-method> <!-- login4 -->
        <test-method status="SKIP" signature="enterNotice()[pri:0, instance:com.webtest.xinhu_personal.Addnotice_time@31ef45e3]" name="enterNotice" duration-ms="0" started-at="2018-12-12T06:25:43Z" depends-on-methods="com.webtest.xinhu_personal.Addnotice_time.login4" finished-at="2018-12-12T06:25:43Z">
          <exception class="java.lang.Throwable">
            <message>
              <![CDATA[Method Addnotice_time.enterNotice()[pri:0, instance:com.webtest.xinhu_personal.Addnotice_time@31ef45e3] depends on not successfully finished methods]]>
            </message>
            <full-stacktrace>
              <![CDATA[java.lang.Throwable: Method Addnotice_time.enterNotice()[pri:0, instance:com.webtest.xinhu_personal.Addnotice_time@31ef45e3] depends on not successfully finished methods
at org.testng.internal.Invoker.invokeTestMethods(Invoker.java:887)
at org.testng.internal.TestMethodWorker.invokeTestMethods(TestMethodWorker.java:125)
at org.testng.internal.TestMethodWorker.run(TestMethodWorker.java:109)
at org.testng.TestRunner.privateRun(TestRunner.java:648)
at org.testng.TestRunner.run(TestRunner.java:505)
at org.testng.SuiteRunner.runTest(SuiteRunner.java:455)
at org.testng.SuiteRunner.runSequentially(SuiteRunner.java:450)
at org.testng.SuiteRunner.privateRun(SuiteRunner.java:415)
at org.testng.SuiteRunner.run(SuiteRunner.java:364)
at org.testng.SuiteRunnerWorker.runSuite(SuiteRunnerWorker.java:52)
at org.testng.SuiteRunnerWorker.run(SuiteRunnerWorker.java:84)
at org.testng.TestNG.runSuitesSequentially(TestNG.java:1208)
at org.testng.TestNG.runSuitesLocally(TestNG.java:1137)
at org.testng.TestNG.runSuites(TestNG.java:1049)
at org.testng.TestNG.run(TestNG.java:1017)
at org.testng.TestNG.privateMain(TestNG.java:1354)
at org.testng.TestNG.main(TestNG.java:1323)
]]>
            </full-stacktrace>
          </exception> <!-- java.lang.Throwable -->
          <reporter-output>
          </reporter-output>
        </test-method> <!-- enterNotice -->
        <test-method status="SKIP" signature="testTime(java.lang.String, java.lang.String)[pri:0, instance:com.webtest.xinhu_personal.Addnotice_time@31ef45e3]" name="testTime" duration-ms="0" started-at="2018-12-12T06:25:43Z" data-provider="txt3" depends-on-methods="com.webtest.xinhu_personal.Addnotice_time.enterNotice" finished-at="2018-12-12T06:25:43Z">
          <exception class="java.lang.Throwable">
            <message>
              <![CDATA[Method Addnotice_time.testTime(java.lang.String, java.lang.String)[pri:0, instance:com.webtest.xinhu_personal.Addnotice_time@31ef45e3] depends on not successfully finished methods]]>
            </message>
            <full-stacktrace>
              <![CDATA[java.lang.Throwable: Method Addnotice_time.testTime(java.lang.String, java.lang.String)[pri:0, instance:com.webtest.xinhu_personal.Addnotice_time@31ef45e3] depends on not successfully finished methods
at org.testng.internal.Invoker.invokeTestMethods(Invoker.java:887)
at org.testng.internal.TestMethodWorker.invokeTestMethods(TestMethodWorker.java:125)
at org.testng.internal.TestMethodWorker.run(TestMethodWorker.java:109)
at org.testng.TestRunner.privateRun(TestRunner.java:648)
at org.testng.TestRunner.run(TestRunner.java:505)
at org.testng.SuiteRunner.runTest(SuiteRunner.java:455)
at org.testng.SuiteRunner.runSequentially(SuiteRunner.java:450)
at org.testng.SuiteRunner.privateRun(SuiteRunner.java:415)
at org.testng.SuiteRunner.run(SuiteRunner.java:364)
at org.testng.SuiteRunnerWorker.runSuite(SuiteRunnerWorker.java:52)
at org.testng.SuiteRunnerWorker.run(SuiteRunnerWorker.java:84)
at org.testng.TestNG.runSuitesSequentially(TestNG.java:1208)
at org.testng.TestNG.runSuitesLocally(TestNG.java:1137)
at org.testng.TestNG.runSuites(TestNG.java:1049)
at org.testng.TestNG.run(TestNG.java:1017)
at org.testng.TestNG.privateMain(TestNG.java:1354)
at org.testng.TestNG.main(TestNG.java:1323)
]]>
            </full-stacktrace>
          </exception> <!-- java.lang.Throwable -->
          <reporter-output>
          </reporter-output>
        </test-method> <!-- testTime -->
        <test-method status="SKIP" signature="doAfterMethod()[pri:0, instance:com.webtest.xinhu_personal.Addnotice_time@31ef45e3]" name="doAfterMethod" is-config="true" duration-ms="0" started-at="2018-12-12T06:25:43Z" finished-at="2018-12-12T06:25:43Z">
          <reporter-output>
          </reporter-output>
        </test-method> <!-- doAfterMethod -->
      </class> <!-- com.webtest.xinhu_personal.Addnotice_time -->
      <class name="com.webtest.liucheng.test1">
        <test-method status="SKIP" signature="testLogin()[pri:0, instance:com.webtest.liucheng.test1@464bee09]" name="testLogin" is-config="true" duration-ms="0" started-at="2018-12-12T06:25:43Z" finished-at="2018-12-12T06:25:43Z">
          <reporter-output>
          </reporter-output>
        </test-method> <!-- testLogin -->
        <test-method status="SKIP" signature="doBeforeSuite()[pri:0, instance:com.webtest.liucheng.test1@464bee09]" name="doBeforeSuite" is-config="true" duration-ms="0" started-at="2018-12-12T06:25:43Z" finished-at="2018-12-12T06:25:43Z">
          <reporter-output>
          </reporter-output>
        </test-method> <!-- doBeforeSuite -->
        <test-method status="SKIP" signature="testT()[pri:0, instance:com.webtest.liucheng.test1@464bee09]" name="testT" duration-ms="0" started-at="2018-12-12T06:25:43Z" finished-at="2018-12-12T06:25:43Z">
          <exception class="java.lang.IllegalStateException">
            <message>
              <![CDATA[Specified firefox binary location does not exist or is not a real file: C:\Program Files\Mozilla Firefox\firefox.exe]]>
            </message>
            <full-stacktrace>
              <![CDATA[java.lang.IllegalStateException: Specified firefox binary location does not exist or is not a real file: C:\Program Files\Mozilla Firefox\firefox.exe
at com.google.common.base.Preconditions.checkState(Preconditions.java:459)
at org.openqa.selenium.firefox.internal.Executable.<init>(Executable.java:45)
at org.openqa.selenium.firefox.FirefoxBinary.<init>(FirefoxBinary.java:139)
at org.openqa.selenium.firefox.FirefoxOptions$Binary.asBinary(FirefoxOptions.java:442)
at java.util.Optional.map(Optional.java:215)
at org.openqa.selenium.firefox.FirefoxOptions.getBinaryOrNull(FirefoxOptions.java:221)
at org.openqa.selenium.firefox.FirefoxOptions.getBinary(FirefoxOptions.java:217)
at org.openqa.selenium.firefox.FirefoxDriver.toExecutor(FirefoxDriver.java:147)
at org.openqa.selenium.firefox.FirefoxDriver.<init>(FirefoxDriver.java:120)
at org.openqa.selenium.firefox.FirefoxDriver.<init>(FirefoxDriver.java:98)
at com.webtest.core.BaseTest.newWebDriver(Unknown Source)
at com.webtest.core.BaseTest.doBeforeSuite(Unknown Source)
at sun.reflect.NativeMethodAccessorImpl.invoke0(Native Method)
at sun.reflect.NativeMethodAccessorImpl.invoke(NativeMethodAccessorImpl.java:62)
at sun.reflect.DelegatingMethodAccessorImpl.invoke(DelegatingMethodAccessorImpl.java:43)
at java.lang.reflect.Method.invoke(Method.java:498)
at org.testng.internal.MethodInvocationHelper.invokeMethod(MethodInvocationHelper.java:124)
at org.testng.internal.MethodInvocationHelper.invokeMethodConsideringTimeout(MethodInvocationHelper.java:59)
at org.testng.internal.Invoker.invokeConfigurationMethod(Invoker.java:455)
at org.testng.internal.Invoker.invokeConfigurations(Invoker.java:222)
at org.testng.internal.Invoker.invokeConfigurations(Invoker.java:142)
at org.testng.internal.TestMethodWorker.invokeBeforeClassMethods(TestMethodWorker.java:168)
at org.testng.internal.TestMethodWorker.run(TestMethodWorker.java:105)
at org.testng.TestRunner.privateRun(TestRunner.java:648)
at org.testng.TestRunner.run(TestRunner.java:505)
at org.testng.SuiteRunner.runTest(SuiteRunner.java:455)
at org.testng.SuiteRunner.runSequentially(SuiteRunner.java:450)
at org.testng.SuiteRunner.privateRun(SuiteRunner.java:415)
at org.testng.SuiteRunner.run(SuiteRunner.java:364)
at org.testng.SuiteRunnerWorker.runSuite(SuiteRunnerWorker.java:52)
at org.testng.SuiteRunnerWorker.run(SuiteRunnerWorker.java:84)
at org.testng.TestNG.runSuitesSequentially(TestNG.java:1208)
at org.testng.TestNG.runSuitesLocally(TestNG.java:1137)
at org.testng.TestNG.runSuites(TestNG.java:1049)
at org.testng.TestNG.run(TestNG.java:1017)
at org.testng.TestNG.privateMain(TestNG.java:1354)
at org.testng.TestNG.main(TestNG.java:1323)
]]>
            </full-stacktrace>
          </exception> <!-- java.lang.IllegalStateException -->
          <reporter-output>
          </reporter-output>
        </test-method> <!-- testT -->
        <test-method status="SKIP" signature="doAfterMethod()[pri:0, instance:com.webtest.liucheng.test1@464bee09]" name="doAfterMethod" is-config="true" duration-ms="0" started-at="2018-12-12T06:25:43Z" finished-at="2018-12-12T06:25:43Z">
          <reporter-output>
          </reporter-output>
        </test-method> <!-- doAfterMethod -->
      </class> <!-- com.webtest.liucheng.test1 -->
      <class name="com.webtest.personnel.personnal_files.File_Output_Test">
        <test-method status="SKIP" signature="doBeforeSuite()[pri:0, instance:com.webtest.personnel.personnal_files.File_Output_Test@e25b2fe]" name="doBeforeSuite" is-config="true" duration-ms="0" started-at="2018-12-12T06:25:43Z" finished-at="2018-12-12T06:25:43Z">
          <reporter-output>
          </reporter-output>
        </test-method> <!-- doBeforeSuite -->
        <test-method status="SKIP" signature="initAction()[pri:0, instance:com.webtest.personnel.personnal_files.File_Output_Test@e25b2fe]" name="initAction" is-config="true" duration-ms="0" started-at="2018-12-12T06:25:43Z" finished-at="2018-12-12T06:25:43Z">
          <reporter-output>
          </reporter-output>
        </test-method> <!-- initAction -->
        <test-method status="SKIP" signature="initAction()[pri:0, instance:com.webtest.personnel.personnal_files.File_Output_Test@e25b2fe]" name="initAction" is-config="true" duration-ms="0" started-at="2018-12-12T06:25:43Z" finished-at="2018-12-12T06:25:43Z">
          <reporter-output>
          </reporter-output>
        </test-method> <!-- initAction -->
        <test-method status="SKIP" signature="testOutputAll()[pri:0, instance:com.webtest.personnel.personnal_files.File_Output_Test@e25b2fe]" name="testOutputAll" duration-ms="0" started-at="2018-12-12T06:25:43Z" finished-at="2018-12-12T06:25:43Z">
          <exception class="java.lang.IllegalStateException">
            <message>
              <![CDATA[Specified firefox binary location does not exist or is not a real file: C:\Program Files\Mozilla Firefox\firefox.exe]]>
            </message>
            <full-stacktrace>
              <![CDATA[java.lang.IllegalStateException: Specified firefox binary location does not exist or is not a real file: C:\Program Files\Mozilla Firefox\firefox.exe
at com.google.common.base.Preconditions.checkState(Preconditions.java:459)
at org.openqa.selenium.firefox.internal.Executable.<init>(Executable.java:45)
at org.openqa.selenium.firefox.FirefoxBinary.<init>(FirefoxBinary.java:139)
at org.openqa.selenium.firefox.FirefoxOptions$Binary.asBinary(FirefoxOptions.java:442)
at java.util.Optional.map(Optional.java:215)
at org.openqa.selenium.firefox.FirefoxOptions.getBinaryOrNull(FirefoxOptions.java:221)
at org.openqa.selenium.firefox.FirefoxOptions.getBinary(FirefoxOptions.java:217)
at org.openqa.selenium.firefox.FirefoxDriver.toExecutor(FirefoxDriver.java:147)
at org.openqa.selenium.firefox.FirefoxDriver.<init>(FirefoxDriver.java:120)
at org.openqa.selenium.firefox.FirefoxDriver.<init>(FirefoxDriver.java:98)
at com.webtest.core.BaseTest.newWebDriver(Unknown Source)
at com.webtest.core.BaseTest.doBeforeSuite(Unknown Source)
at sun.reflect.NativeMethodAccessorImpl.invoke0(Native Method)
at sun.reflect.NativeMethodAccessorImpl.invoke(NativeMethodAccessorImpl.java:62)
at sun.reflect.DelegatingMethodAccessorImpl.invoke(DelegatingMethodAccessorImpl.java:43)
at java.lang.reflect.Method.invoke(Method.java:498)
at org.testng.internal.MethodInvocationHelper.invokeMethod(MethodInvocationHelper.java:124)
at org.testng.internal.MethodInvocationHelper.invokeMethodConsideringTimeout(MethodInvocationHelper.java:59)
at org.testng.internal.Invoker.invokeConfigurationMethod(Invoker.java:455)
at org.testng.internal.Invoker.invokeConfigurations(Invoker.java:222)
at org.testng.internal.Invoker.invokeConfigurations(Invoker.java:142)
at org.testng.internal.TestMethodWorker.invokeBeforeClassMethods(TestMethodWorker.java:168)
at org.testng.internal.TestMethodWorker.run(TestMethodWorker.java:105)
at org.testng.TestRunner.privateRun(TestRunner.java:648)
at org.testng.TestRunner.run(TestRunner.java:505)
at org.testng.SuiteRunner.runTest(SuiteRunner.java:455)
at org.testng.SuiteRunner.runSequentially(SuiteRunner.java:450)
at org.testng.SuiteRunner.privateRun(SuiteRunner.java:415)
at org.testng.SuiteRunner.run(SuiteRunner.java:364)
at org.testng.SuiteRunnerWorker.runSuite(SuiteRunnerWorker.java:52)
at org.testng.SuiteRunnerWorker.run(SuiteRunnerWorker.java:84)
at org.testng.TestNG.runSuitesSequentially(TestNG.java:1208)
at org.testng.TestNG.runSuitesLocally(TestNG.java:1137)
at org.testng.TestNG.runSuites(TestNG.java:1049)
at org.testng.TestNG.run(TestNG.java:1017)
at org.testng.TestNG.privateMain(TestNG.java:1354)
at org.testng.TestNG.main(TestNG.java:1323)
]]>
            </full-stacktrace>
          </exception> <!-- java.lang.IllegalStateException -->
          <reporter-output>
          </reporter-output>
        </test-method> <!-- testOutputAll -->
        <test-method status="SKIP" signature="doAfterMethod()[pri:0, instance:com.webtest.personnel.personnal_files.File_Output_Test@e25b2fe]" name="doAfterMethod" is-config="true" duration-ms="0" started-at="2018-12-12T06:25:43Z" finished-at="2018-12-12T06:25:43Z">
          <reporter-output>
          </reporter-output>
        </test-method> <!-- doAfterMethod -->
        <test-method status="SKIP" signature="testOutputCurrent()[pri:0, instance:com.webtest.personnel.personnal_files.File_Output_Test@e25b2fe]" name="testOutputCurrent" duration-ms="0" started-at="2018-12-12T06:25:43Z" finished-at="2018-12-12T06:25:43Z">
          <exception class="java.lang.IllegalStateException">
            <message>
              <![CDATA[Specified firefox binary location does not exist or is not a real file: C:\Program Files\Mozilla Firefox\firefox.exe]]>
            </message>
            <full-stacktrace>
              <![CDATA[java.lang.IllegalStateException: Specified firefox binary location does not exist or is not a real file: C:\Program Files\Mozilla Firefox\firefox.exe
at com.google.common.base.Preconditions.checkState(Preconditions.java:459)
at org.openqa.selenium.firefox.internal.Executable.<init>(Executable.java:45)
at org.openqa.selenium.firefox.FirefoxBinary.<init>(FirefoxBinary.java:139)
at org.openqa.selenium.firefox.FirefoxOptions$Binary.asBinary(FirefoxOptions.java:442)
at java.util.Optional.map(Optional.java:215)
at org.openqa.selenium.firefox.FirefoxOptions.getBinaryOrNull(FirefoxOptions.java:221)
at org.openqa.selenium.firefox.FirefoxOptions.getBinary(FirefoxOptions.java:217)
at org.openqa.selenium.firefox.FirefoxDriver.toExecutor(FirefoxDriver.java:147)
at org.openqa.selenium.firefox.FirefoxDriver.<init>(FirefoxDriver.java:120)
at org.openqa.selenium.firefox.FirefoxDriver.<init>(FirefoxDriver.java:98)
at com.webtest.core.BaseTest.newWebDriver(Unknown Source)
at com.webtest.core.BaseTest.doBeforeSuite(Unknown Source)
at sun.reflect.NativeMethodAccessorImpl.invoke0(Native Method)
at sun.reflect.NativeMethodAccessorImpl.invoke(NativeMethodAccessorImpl.java:62)
at sun.reflect.DelegatingMethodAccessorImpl.invoke(DelegatingMethodAccessorImpl.java:43)
at java.lang.reflect.Method.invoke(Method.java:498)
at org.testng.internal.MethodInvocationHelper.invokeMethod(MethodInvocationHelper.java:124)
at org.testng.internal.MethodInvocationHelper.invokeMethodConsideringTimeout(MethodInvocationHelper.java:59)
at org.testng.internal.Invoker.invokeConfigurationMethod(Invoker.java:455)
at org.testng.internal.Invoker.invokeConfigurations(Invoker.java:222)
at org.testng.internal.Invoker.invokeConfigurations(Invoker.java:142)
at org.testng.internal.TestMethodWorker.invokeBeforeClassMethods(TestMethodWorker.java:168)
at org.testng.internal.TestMethodWorker.run(TestMethodWorker.java:105)
at org.testng.TestRunner.privateRun(TestRunner.java:648)
at org.testng.TestRunner.run(TestRunner.java:505)
at org.testng.SuiteRunner.runTest(SuiteRunner.java:455)
at org.testng.SuiteRunner.runSequentially(SuiteRunner.java:450)
at org.testng.SuiteRunner.privateRun(SuiteRunner.java:415)
at org.testng.SuiteRunner.run(SuiteRunner.java:364)
at org.testng.SuiteRunnerWorker.runSuite(SuiteRunnerWorker.java:52)
at org.testng.SuiteRunnerWorker.run(SuiteRunnerWorker.java:84)
at org.testng.TestNG.runSuitesSequentially(TestNG.java:1208)
at org.testng.TestNG.runSuitesLocally(TestNG.java:1137)
at org.testng.TestNG.runSuites(TestNG.java:1049)
at org.testng.TestNG.run(TestNG.java:1017)
at org.testng.TestNG.privateMain(TestNG.java:1354)
at org.testng.TestNG.main(TestNG.java:1323)
]]>
            </full-stacktrace>
          </exception> <!-- java.lang.IllegalStateException -->
          <reporter-output>
          </reporter-output>
        </test-method> <!-- testOutputCurrent -->
      </class> <!-- com.webtest.personnel.personnal_files.File_Output_Test -->
      <class name="com.webtest.customer.test.Share_Search_test">
        <test-method status="SKIP" signature="enter_customer()[pri:0, instance:com.webtest.customer.test.Share_Search_test@1ce92674]" name="enter_customer" is-config="true" duration-ms="0" started-at="2018-12-12T06:25:43Z" finished-at="2018-12-12T06:25:43Z">
          <reporter-output>
          </reporter-output>
        </test-method> <!-- enter_customer -->
        <test-method status="SKIP" signature="doBeforeSuite()[pri:0, instance:com.webtest.customer.test.Share_Search_test@1ce92674]" name="doBeforeSuite" is-config="true" duration-ms="0" started-at="2018-12-12T06:25:43Z" finished-at="2018-12-12T06:25:43Z">
          <reporter-output>
          </reporter-output>
        </test-method> <!-- doBeforeSuite -->
        <test-method status="SKIP" signature="share_search(java.lang.String)[pri:0, instance:com.webtest.customer.test.Share_Search_test@1ce92674]" name="share_search" duration-ms="0" started-at="2018-12-12T06:25:43Z" data-provider="custom_id" finished-at="2018-12-12T06:25:43Z">
          <exception class="java.lang.IllegalStateException">
            <message>
              <![CDATA[Specified firefox binary location does not exist or is not a real file: C:\Program Files\Mozilla Firefox\firefox.exe]]>
            </message>
            <full-stacktrace>
              <![CDATA[java.lang.IllegalStateException: Specified firefox binary location does not exist or is not a real file: C:\Program Files\Mozilla Firefox\firefox.exe
at com.google.common.base.Preconditions.checkState(Preconditions.java:459)
at org.openqa.selenium.firefox.internal.Executable.<init>(Executable.java:45)
at org.openqa.selenium.firefox.FirefoxBinary.<init>(FirefoxBinary.java:139)
at org.openqa.selenium.firefox.FirefoxOptions$Binary.asBinary(FirefoxOptions.java:442)
at java.util.Optional.map(Optional.java:215)
at org.openqa.selenium.firefox.FirefoxOptions.getBinaryOrNull(FirefoxOptions.java:221)
at org.openqa.selenium.firefox.FirefoxOptions.getBinary(FirefoxOptions.java:217)
at org.openqa.selenium.firefox.FirefoxDriver.toExecutor(FirefoxDriver.java:147)
at org.openqa.selenium.firefox.FirefoxDriver.<init>(FirefoxDriver.java:120)
at org.openqa.selenium.firefox.FirefoxDriver.<init>(FirefoxDriver.java:98)
at com.webtest.core.BaseTest.newWebDriver(Unknown Source)
at com.webtest.core.BaseTest.doBeforeSuite(Unknown Source)
at sun.reflect.NativeMethodAccessorImpl.invoke0(Native Method)
at sun.reflect.NativeMethodAccessorImpl.invoke(NativeMethodAccessorImpl.java:62)
at sun.reflect.DelegatingMethodAccessorImpl.invoke(DelegatingMethodAccessorImpl.java:43)
at java.lang.reflect.Method.invoke(Method.java:498)
at org.testng.internal.MethodInvocationHelper.invokeMethod(MethodInvocationHelper.java:124)
at org.testng.internal.MethodInvocationHelper.invokeMethodConsideringTimeout(MethodInvocationHelper.java:59)
at org.testng.internal.Invoker.invokeConfigurationMethod(Invoker.java:455)
at org.testng.internal.Invoker.invokeConfigurations(Invoker.java:222)
at org.testng.internal.Invoker.invokeConfigurations(Invoker.java:142)
at org.testng.internal.TestMethodWorker.invokeBeforeClassMethods(TestMethodWorker.java:168)
at org.testng.internal.TestMethodWorker.run(TestMethodWorker.java:105)
at org.testng.TestRunner.privateRun(TestRunner.java:648)
at org.testng.TestRunner.run(TestRunner.java:505)
at org.testng.SuiteRunner.runTest(SuiteRunner.java:455)
at org.testng.SuiteRunner.runSequentially(SuiteRunner.java:450)
at org.testng.SuiteRunner.privateRun(SuiteRunner.java:415)
at org.testng.SuiteRunner.run(SuiteRunner.java:364)
at org.testng.SuiteRunnerWorker.runSuite(SuiteRunnerWorker.java:52)
at org.testng.SuiteRunnerWorker.run(SuiteRunnerWorker.java:84)
at org.testng.TestNG.runSuitesSequentially(TestNG.java:1208)
at org.testng.TestNG.runSuitesLocally(TestNG.java:1137)
at org.testng.TestNG.runSuites(TestNG.java:1049)
at org.testng.TestNG.run(TestNG.java:1017)
at org.testng.TestNG.privateMain(TestNG.java:1354)
at org.testng.TestNG.main(TestNG.java:1323)
]]>
            </full-stacktrace>
          </exception> <!-- java.lang.IllegalStateException -->
          <reporter-output>
          </reporter-output>
        </test-method> <!-- share_search -->
        <test-method status="SKIP" signature="doAfterMethod()[pri:0, instance:com.webtest.customer.test.Share_Search_test@1ce92674]" name="doAfterMethod" is-config="true" duration-ms="0" started-at="2018-12-12T06:25:43Z" finished-at="2018-12-12T06:25:43Z">
          <reporter-output>
          </reporter-output>
        </test-method> <!-- doAfterMethod -->
      </class> <!-- com.webtest.customer.test.Share_Search_test -->
      <class name="com.webtest.personnel.personnal_files.File_SelectStatus_Test">
        <test-method status="SKIP" signature="doBeforeSuite()[pri:0, instance:com.webtest.personnel.personnal_files.File_SelectStatus_Test@146ba0ac]" name="doBeforeSuite" is-config="true" duration-ms="0" started-at="2018-12-12T06:25:43Z" finished-at="2018-12-12T06:25:43Z">
          <reporter-output>
          </reporter-output>
        </test-method> <!-- doBeforeSuite -->
        <test-method status="SKIP" signature="doAfterMethod()[pri:0, instance:com.webtest.personnel.personnal_files.File_SelectStatus_Test@146ba0ac]" name="doAfterMethod" is-config="true" duration-ms="0" started-at="2018-12-12T06:25:43Z" finished-at="2018-12-12T06:25:43Z">
          <reporter-output>
          </reporter-output>
        </test-method> <!-- doAfterMethod -->
        <test-method status="SKIP" signature="initAction()[pri:0, instance:com.webtest.personnel.personnal_files.File_SelectStatus_Test@146ba0ac]" name="initAction" is-config="true" duration-ms="0" started-at="2018-12-12T06:25:43Z" finished-at="2018-12-12T06:25:43Z">
          <reporter-output>
          </reporter-output>
        </test-method> <!-- initAction -->
        <test-method status="SKIP" signature="testSelectStatus()[pri:0, instance:com.webtest.personnel.personnal_files.File_SelectStatus_Test@146ba0ac]" name="testSelectStatus" duration-ms="0" started-at="2018-12-12T06:25:43Z" finished-at="2018-12-12T06:25:43Z">
          <exception class="java.lang.IllegalStateException">
            <message>
              <![CDATA[Specified firefox binary location does not exist or is not a real file: C:\Program Files\Mozilla Firefox\firefox.exe]]>
            </message>
            <full-stacktrace>
              <![CDATA[java.lang.IllegalStateException: Specified firefox binary location does not exist or is not a real file: C:\Program Files\Mozilla Firefox\firefox.exe
at com.google.common.base.Preconditions.checkState(Preconditions.java:459)
at org.openqa.selenium.firefox.internal.Executable.<init>(Executable.java:45)
at org.openqa.selenium.firefox.FirefoxBinary.<init>(FirefoxBinary.java:139)
at org.openqa.selenium.firefox.FirefoxOptions$Binary.asBinary(FirefoxOptions.java:442)
at java.util.Optional.map(Optional.java:215)
at org.openqa.selenium.firefox.FirefoxOptions.getBinaryOrNull(FirefoxOptions.java:221)
at org.openqa.selenium.firefox.FirefoxOptions.getBinary(FirefoxOptions.java:217)
at org.openqa.selenium.firefox.FirefoxDriver.toExecutor(FirefoxDriver.java:147)
at org.openqa.selenium.firefox.FirefoxDriver.<init>(FirefoxDriver.java:120)
at org.openqa.selenium.firefox.FirefoxDriver.<init>(FirefoxDriver.java:98)
at com.webtest.core.BaseTest.newWebDriver(Unknown Source)
at com.webtest.core.BaseTest.doBeforeSuite(Unknown Source)
at sun.reflect.NativeMethodAccessorImpl.invoke0(Native Method)
at sun.reflect.NativeMethodAccessorImpl.invoke(NativeMethodAccessorImpl.java:62)
at sun.reflect.DelegatingMethodAccessorImpl.invoke(DelegatingMethodAccessorImpl.java:43)
at java.lang.reflect.Method.invoke(Method.java:498)
at org.testng.internal.MethodInvocationHelper.invokeMethod(MethodInvocationHelper.java:124)
at org.testng.internal.MethodInvocationHelper.invokeMethodConsideringTimeout(MethodInvocationHelper.java:59)
at org.testng.internal.Invoker.invokeConfigurationMethod(Invoker.java:455)
at org.testng.internal.Invoker.invokeConfigurations(Invoker.java:222)
at org.testng.internal.Invoker.invokeConfigurations(Invoker.java:142)
at org.testng.internal.TestMethodWorker.invokeBeforeClassMethods(TestMethodWorker.java:168)
at org.testng.internal.TestMethodWorker.run(TestMethodWorker.java:105)
at org.testng.TestRunner.privateRun(TestRunner.java:648)
at org.testng.TestRunner.run(TestRunner.java:505)
at org.testng.SuiteRunner.runTest(SuiteRunner.java:455)
at org.testng.SuiteRunner.runSequentially(SuiteRunner.java:450)
at org.testng.SuiteRunner.privateRun(SuiteRunner.java:415)
at org.testng.SuiteRunner.run(SuiteRunner.java:364)
at org.testng.SuiteRunnerWorker.runSuite(SuiteRunnerWorker.java:52)
at org.testng.SuiteRunnerWorker.run(SuiteRunnerWorker.java:84)
at org.testng.TestNG.runSuitesSequentially(TestNG.java:1208)
at org.testng.TestNG.runSuitesLocally(TestNG.java:1137)
at org.testng.TestNG.runSuites(TestNG.java:1049)
at org.testng.TestNG.run(TestNG.java:1017)
at org.testng.TestNG.privateMain(TestNG.java:1354)
at org.testng.TestNG.main(TestNG.java:1323)
]]>
            </full-stacktrace>
          </exception> <!-- java.lang.IllegalStateException -->
          <reporter-output>
          </reporter-output>
        </test-method> <!-- testSelectStatus -->
      </class> <!-- com.webtest.personnel.personnal_files.File_SelectStatus_Test -->
      <class name="com.webtest.customer.test.Search_test">
        <test-method status="SKIP" signature="doBeforeSuite()[pri:0, instance:com.webtest.customer.test.Search_test@7085bdee]" name="doBeforeSuite" is-config="true" duration-ms="0" started-at="2018-12-12T06:25:43Z" finished-at="2018-12-12T06:25:43Z">
          <reporter-output>
          </reporter-output>
        </test-method> <!-- doBeforeSuite -->
        <test-method status="SKIP" signature="doAfterMethod()[pri:0, instance:com.webtest.customer.test.Search_test@7085bdee]" name="doAfterMethod" is-config="true" duration-ms="0" started-at="2018-12-12T06:25:43Z" finished-at="2018-12-12T06:25:43Z">
          <reporter-output>
          </reporter-output>
        </test-method> <!-- doAfterMethod -->
        <test-method status="SKIP" signature="enter_custom()[pri:0, instance:com.webtest.customer.test.Search_test@7085bdee]" name="enter_custom" is-config="true" duration-ms="0" started-at="2018-12-12T06:25:43Z" finished-at="2018-12-12T06:25:43Z">
          <reporter-output>
          </reporter-output>
        </test-method> <!-- enter_custom -->
        <test-method status="SKIP" signature="Search()[pri:0, instance:com.webtest.customer.test.Search_test@7085bdee]" name="Search" duration-ms="0" started-at="2018-12-12T06:25:43Z" finished-at="2018-12-12T06:25:43Z">
          <exception class="java.lang.IllegalStateException">
            <message>
              <![CDATA[Specified firefox binary location does not exist or is not a real file: C:\Program Files\Mozilla Firefox\firefox.exe]]>
            </message>
            <full-stacktrace>
              <![CDATA[java.lang.IllegalStateException: Specified firefox binary location does not exist or is not a real file: C:\Program Files\Mozilla Firefox\firefox.exe
at com.google.common.base.Preconditions.checkState(Preconditions.java:459)
at org.openqa.selenium.firefox.internal.Executable.<init>(Executable.java:45)
at org.openqa.selenium.firefox.FirefoxBinary.<init>(FirefoxBinary.java:139)
at org.openqa.selenium.firefox.FirefoxOptions$Binary.asBinary(FirefoxOptions.java:442)
at java.util.Optional.map(Optional.java:215)
at org.openqa.selenium.firefox.FirefoxOptions.getBinaryOrNull(FirefoxOptions.java:221)
at org.openqa.selenium.firefox.FirefoxOptions.getBinary(FirefoxOptions.java:217)
at org.openqa.selenium.firefox.FirefoxDriver.toExecutor(FirefoxDriver.java:147)
at org.openqa.selenium.firefox.FirefoxDriver.<init>(FirefoxDriver.java:120)
at org.openqa.selenium.firefox.FirefoxDriver.<init>(FirefoxDriver.java:98)
at com.webtest.core.BaseTest.newWebDriver(Unknown Source)
at com.webtest.core.BaseTest.doBeforeSuite(Unknown Source)
at sun.reflect.NativeMethodAccessorImpl.invoke0(Native Method)
at sun.reflect.NativeMethodAccessorImpl.invoke(NativeMethodAccessorImpl.java:62)
at sun.reflect.DelegatingMethodAccessorImpl.invoke(DelegatingMethodAccessorImpl.java:43)
at java.lang.reflect.Method.invoke(Method.java:498)
at org.testng.internal.MethodInvocationHelper.invokeMethod(MethodInvocationHelper.java:124)
at org.testng.internal.MethodInvocationHelper.invokeMethodConsideringTimeout(MethodInvocationHelper.java:59)
at org.testng.internal.Invoker.invokeConfigurationMethod(Invoker.java:455)
at org.testng.internal.Invoker.invokeConfigurations(Invoker.java:222)
at org.testng.internal.Invoker.invokeConfigurations(Invoker.java:142)
at org.testng.internal.TestMethodWorker.invokeBeforeClassMethods(TestMethodWorker.java:168)
at org.testng.internal.TestMethodWorker.run(TestMethodWorker.java:105)
at org.testng.TestRunner.privateRun(TestRunner.java:648)
at org.testng.TestRunner.run(TestRunner.java:505)
at org.testng.SuiteRunner.runTest(SuiteRunner.java:455)
at org.testng.SuiteRunner.runSequentially(SuiteRunner.java:450)
at org.testng.SuiteRunner.privateRun(SuiteRunner.java:415)
at org.testng.SuiteRunner.run(SuiteRunner.java:364)
at org.testng.SuiteRunnerWorker.runSuite(SuiteRunnerWorker.java:52)
at org.testng.SuiteRunnerWorker.run(SuiteRunnerWorker.java:84)
at org.testng.TestNG.runSuitesSequentially(TestNG.java:1208)
at org.testng.TestNG.runSuitesLocally(TestNG.java:1137)
at org.testng.TestNG.runSuites(TestNG.java:1049)
at org.testng.TestNG.run(TestNG.java:1017)
at org.testng.TestNG.privateMain(TestNG.java:1354)
at org.testng.TestNG.main(TestNG.java:1323)
]]>
            </full-stacktrace>
          </exception> <!-- java.lang.IllegalStateException -->
          <reporter-output>
          </reporter-output>
        </test-method> <!-- Search -->
      </class> <!-- com.webtest.customer.test.Search_test -->
      <class name="com.webtest.customer.test.Redata_test">
        <test-method status="SKIP" signature="doAfterMethod()[pri:0, instance:com.webtest.customer.test.Redata_test@73ad2d6]" name="doAfterMethod" is-config="true" duration-ms="0" started-at="2018-12-12T06:25:43Z" finished-at="2018-12-12T06:25:43Z">
          <reporter-output>
          </reporter-output>
        </test-method> <!-- doAfterMethod -->
        <test-method status="SKIP" signature="doBeforeSuite()[pri:0, instance:com.webtest.customer.test.Redata_test@73ad2d6]" name="doBeforeSuite" is-config="true" duration-ms="0" started-at="2018-12-12T06:25:43Z" finished-at="2018-12-12T06:25:43Z">
          <reporter-output>
          </reporter-output>
        </test-method> <!-- doBeforeSuite -->
        <test-method status="SKIP" signature="redata()[pri:0, instance:com.webtest.customer.test.Redata_test@73ad2d6]" name="redata" duration-ms="0" started-at="2018-12-12T06:25:43Z" finished-at="2018-12-12T06:25:43Z">
          <exception class="java.lang.IllegalStateException">
            <message>
              <![CDATA[Specified firefox binary location does not exist or is not a real file: C:\Program Files\Mozilla Firefox\firefox.exe]]>
            </message>
            <full-stacktrace>
              <![CDATA[java.lang.IllegalStateException: Specified firefox binary location does not exist or is not a real file: C:\Program Files\Mozilla Firefox\firefox.exe
at com.google.common.base.Preconditions.checkState(Preconditions.java:459)
at org.openqa.selenium.firefox.internal.Executable.<init>(Executable.java:45)
at org.openqa.selenium.firefox.FirefoxBinary.<init>(FirefoxBinary.java:139)
at org.openqa.selenium.firefox.FirefoxOptions$Binary.asBinary(FirefoxOptions.java:442)
at java.util.Optional.map(Optional.java:215)
at org.openqa.selenium.firefox.FirefoxOptions.getBinaryOrNull(FirefoxOptions.java:221)
at org.openqa.selenium.firefox.FirefoxOptions.getBinary(FirefoxOptions.java:217)
at org.openqa.selenium.firefox.FirefoxDriver.toExecutor(FirefoxDriver.java:147)
at org.openqa.selenium.firefox.FirefoxDriver.<init>(FirefoxDriver.java:120)
at org.openqa.selenium.firefox.FirefoxDriver.<init>(FirefoxDriver.java:98)
at com.webtest.core.BaseTest.newWebDriver(Unknown Source)
at com.webtest.core.BaseTest.doBeforeSuite(Unknown Source)
at sun.reflect.NativeMethodAccessorImpl.invoke0(Native Method)
at sun.reflect.NativeMethodAccessorImpl.invoke(NativeMethodAccessorImpl.java:62)
at sun.reflect.DelegatingMethodAccessorImpl.invoke(DelegatingMethodAccessorImpl.java:43)
at java.lang.reflect.Method.invoke(Method.java:498)
at org.testng.internal.MethodInvocationHelper.invokeMethod(MethodInvocationHelper.java:124)
at org.testng.internal.MethodInvocationHelper.invokeMethodConsideringTimeout(MethodInvocationHelper.java:59)
at org.testng.internal.Invoker.invokeConfigurationMethod(Invoker.java:455)
at org.testng.internal.Invoker.invokeConfigurations(Invoker.java:222)
at org.testng.internal.Invoker.invokeConfigurations(Invoker.java:142)
at org.testng.internal.TestMethodWorker.invokeBeforeClassMethods(TestMethodWorker.java:168)
at org.testng.internal.TestMethodWorker.run(TestMethodWorker.java:105)
at org.testng.TestRunner.privateRun(TestRunner.java:648)
at org.testng.TestRunner.run(TestRunner.java:505)
at org.testng.SuiteRunner.runTest(SuiteRunner.java:455)
at org.testng.SuiteRunner.runSequentially(SuiteRunner.java:450)
at org.testng.SuiteRunner.privateRun(SuiteRunner.java:415)
at org.testng.SuiteRunner.run(SuiteRunner.java:364)
at org.testng.SuiteRunnerWorker.runSuite(SuiteRunnerWorker.java:52)
at org.testng.SuiteRunnerWorker.run(SuiteRunnerWorker.java:84)
at org.testng.TestNG.runSuitesSequentially(TestNG.java:1208)
at org.testng.TestNG.runSuitesLocally(TestNG.java:1137)
at org.testng.TestNG.runSuites(TestNG.java:1049)
at org.testng.TestNG.run(TestNG.java:1017)
at org.testng.TestNG.privateMain(TestNG.java:1354)
at org.testng.TestNG.main(TestNG.java:1323)
]]>
            </full-stacktrace>
          </exception> <!-- java.lang.IllegalStateException -->
          <reporter-output>
          </reporter-output>
        </test-method> <!-- redata -->
        <test-method status="SKIP" signature="enter_customer()[pri:0, instance:com.webtest.customer.test.Redata_test@73ad2d6]" name="enter_customer" is-config="true" duration-ms="0" started-at="2018-12-12T06:25:43Z" finished-at="2018-12-12T06:25:43Z">
          <reporter-output>
          </reporter-output>
        </test-method> <!-- enter_customer -->
      </class> <!-- com.webtest.customer.test.Redata_test -->
      <class name="com.webtest.renwu.xinjian">
        <test-method status="SKIP" signature="testSearch()[pri:0, instance:com.webtest.renwu.xinjian@e45f292]" name="testSearch" duration-ms="0" started-at="2018-12-12T06:25:43Z" finished-at="2018-12-12T06:25:43Z">
          <exception class="java.lang.IllegalStateException">
            <message>
              <![CDATA[Specified firefox binary location does not exist or is not a real file: C:\Program Files\Mozilla Firefox\firefox.exe]]>
            </message>
            <full-stacktrace>
              <![CDATA[java.lang.IllegalStateException: Specified firefox binary location does not exist or is not a real file: C:\Program Files\Mozilla Firefox\firefox.exe
at com.google.common.base.Preconditions.checkState(Preconditions.java:459)
at org.openqa.selenium.firefox.internal.Executable.<init>(Executable.java:45)
at org.openqa.selenium.firefox.FirefoxBinary.<init>(FirefoxBinary.java:139)
at org.openqa.selenium.firefox.FirefoxOptions$Binary.asBinary(FirefoxOptions.java:442)
at java.util.Optional.map(Optional.java:215)
at org.openqa.selenium.firefox.FirefoxOptions.getBinaryOrNull(FirefoxOptions.java:221)
at org.openqa.selenium.firefox.FirefoxOptions.getBinary(FirefoxOptions.java:217)
at org.openqa.selenium.firefox.FirefoxDriver.toExecutor(FirefoxDriver.java:147)
at org.openqa.selenium.firefox.FirefoxDriver.<init>(FirefoxDriver.java:120)
at org.openqa.selenium.firefox.FirefoxDriver.<init>(FirefoxDriver.java:98)
at com.webtest.core.BaseTest.newWebDriver(Unknown Source)
at com.webtest.core.BaseTest.doBeforeSuite(Unknown Source)
at sun.reflect.NativeMethodAccessorImpl.invoke0(Native Method)
at sun.reflect.NativeMethodAccessorImpl.invoke(NativeMethodAccessorImpl.java:62)
at sun.reflect.DelegatingMethodAccessorImpl.invoke(DelegatingMethodAccessorImpl.java:43)
at java.lang.reflect.Method.invoke(Method.java:498)
at org.testng.internal.MethodInvocationHelper.invokeMethod(MethodInvocationHelper.java:124)
at org.testng.internal.MethodInvocationHelper.invokeMethodConsideringTimeout(MethodInvocationHelper.java:59)
at org.testng.internal.Invoker.invokeConfigurationMethod(Invoker.java:455)
at org.testng.internal.Invoker.invokeConfigurations(Invoker.java:222)
at org.testng.internal.Invoker.invokeConfigurations(Invoker.java:142)
at org.testng.internal.TestMethodWorker.invokeBeforeClassMethods(TestMethodWorker.java:168)
at org.testng.internal.TestMethodWorker.run(TestMethodWorker.java:105)
at org.testng.TestRunner.privateRun(TestRunner.java:648)
at org.testng.TestRunner.run(TestRunner.java:505)
at org.testng.SuiteRunner.runTest(SuiteRunner.java:455)
at org.testng.SuiteRunner.runSequentially(SuiteRunner.java:450)
at org.testng.SuiteRunner.privateRun(SuiteRunner.java:415)
at org.testng.SuiteRunner.run(SuiteRunner.java:364)
at org.testng.SuiteRunnerWorker.runSuite(SuiteRunnerWorker.java:52)
at org.testng.SuiteRunnerWorker.run(SuiteRunnerWorker.java:84)
at org.testng.TestNG.runSuitesSequentially(TestNG.java:1208)
at org.testng.TestNG.runSuitesLocally(TestNG.java:1137)
at org.testng.TestNG.runSuites(TestNG.java:1049)
at org.testng.TestNG.run(TestNG.java:1017)
at org.testng.TestNG.privateMain(TestNG.java:1354)
at org.testng.TestNG.main(TestNG.java:1323)
]]>
            </full-stacktrace>
          </exception> <!-- java.lang.IllegalStateException -->
          <reporter-output>
          </reporter-output>
        </test-method> <!-- testSearch -->
        <test-method status="SKIP" signature="doBeforeSuite()[pri:0, instance:com.webtest.renwu.xinjian@e45f292]" name="doBeforeSuite" is-config="true" duration-ms="0" started-at="2018-12-12T06:25:43Z" finished-at="2018-12-12T06:25:43Z">
          <reporter-output>
          </reporter-output>
        </test-method> <!-- doBeforeSuite -->
        <test-method status="SKIP" signature="doAfterMethod()[pri:0, instance:com.webtest.renwu.xinjian@e45f292]" name="doAfterMethod" is-config="true" duration-ms="0" started-at="2018-12-12T06:25:43Z" finished-at="2018-12-12T06:25:43Z">
          <reporter-output>
          </reporter-output>
        </test-method> <!-- doAfterMethod -->
      </class> <!-- com.webtest.renwu.xinjian -->
      <class name="com.webtest.liucheng.test6">
        <test-method status="SKIP" signature="testLogin()[pri:0, instance:com.webtest.liucheng.test6@57fffcd7]" name="testLogin" is-config="true" duration-ms="0" started-at="2018-12-12T06:25:43Z" finished-at="2018-12-12T06:25:43Z">
          <reporter-output>
          </reporter-output>
        </test-method> <!-- testLogin -->
        <test-method status="SKIP" signature="doBeforeSuite()[pri:0, instance:com.webtest.liucheng.test6@57fffcd7]" name="doBeforeSuite" is-config="true" duration-ms="0" started-at="2018-12-12T06:25:43Z" finished-at="2018-12-12T06:25:43Z">
          <reporter-output>
          </reporter-output>
        </test-method> <!-- doBeforeSuite -->
        <test-method status="SKIP" signature="doAfterMethod()[pri:0, instance:com.webtest.liucheng.test6@57fffcd7]" name="doAfterMethod" is-config="true" duration-ms="0" started-at="2018-12-12T06:25:43Z" finished-at="2018-12-12T06:25:43Z">
          <reporter-output>
          </reporter-output>
        </test-method> <!-- doAfterMethod -->
        <test-method status="SKIP" signature="test()[pri:0, instance:com.webtest.liucheng.test6@57fffcd7]" name="test" duration-ms="0" started-at="2018-12-12T06:25:43Z" finished-at="2018-12-12T06:25:43Z">
          <exception class="java.lang.IllegalStateException">
            <message>
              <![CDATA[Specified firefox binary location does not exist or is not a real file: C:\Program Files\Mozilla Firefox\firefox.exe]]>
            </message>
            <full-stacktrace>
              <![CDATA[java.lang.IllegalStateException: Specified firefox binary location does not exist or is not a real file: C:\Program Files\Mozilla Firefox\firefox.exe
at com.google.common.base.Preconditions.checkState(Preconditions.java:459)
at org.openqa.selenium.firefox.internal.Executable.<init>(Executable.java:45)
at org.openqa.selenium.firefox.FirefoxBinary.<init>(FirefoxBinary.java:139)
at org.openqa.selenium.firefox.FirefoxOptions$Binary.asBinary(FirefoxOptions.java:442)
at java.util.Optional.map(Optional.java:215)
at org.openqa.selenium.firefox.FirefoxOptions.getBinaryOrNull(FirefoxOptions.java:221)
at org.openqa.selenium.firefox.FirefoxOptions.getBinary(FirefoxOptions.java:217)
at org.openqa.selenium.firefox.FirefoxDriver.toExecutor(FirefoxDriver.java:147)
at org.openqa.selenium.firefox.FirefoxDriver.<init>(FirefoxDriver.java:120)
at org.openqa.selenium.firefox.FirefoxDriver.<init>(FirefoxDriver.java:98)
at com.webtest.core.BaseTest.newWebDriver(Unknown Source)
at com.webtest.core.BaseTest.doBeforeSuite(Unknown Source)
at sun.reflect.NativeMethodAccessorImpl.invoke0(Native Method)
at sun.reflect.NativeMethodAccessorImpl.invoke(NativeMethodAccessorImpl.java:62)
at sun.reflect.DelegatingMethodAccessorImpl.invoke(DelegatingMethodAccessorImpl.java:43)
at java.lang.reflect.Method.invoke(Method.java:498)
at org.testng.internal.MethodInvocationHelper.invokeMethod(MethodInvocationHelper.java:124)
at org.testng.internal.MethodInvocationHelper.invokeMethodConsideringTimeout(MethodInvocationHelper.java:59)
at org.testng.internal.Invoker.invokeConfigurationMethod(Invoker.java:455)
at org.testng.internal.Invoker.invokeConfigurations(Invoker.java:222)
at org.testng.internal.Invoker.invokeConfigurations(Invoker.java:142)
at org.testng.internal.TestMethodWorker.invokeBeforeClassMethods(TestMethodWorker.java:168)
at org.testng.internal.TestMethodWorker.run(TestMethodWorker.java:105)
at org.testng.TestRunner.privateRun(TestRunner.java:648)
at org.testng.TestRunner.run(TestRunner.java:505)
at org.testng.SuiteRunner.runTest(SuiteRunner.java:455)
at org.testng.SuiteRunner.runSequentially(SuiteRunner.java:450)
at org.testng.SuiteRunner.privateRun(SuiteRunner.java:415)
at org.testng.SuiteRunner.run(SuiteRunner.java:364)
at org.testng.SuiteRunnerWorker.runSuite(SuiteRunnerWorker.java:52)
at org.testng.SuiteRunnerWorker.run(SuiteRunnerWorker.java:84)
at org.testng.TestNG.runSuitesSequentially(TestNG.java:1208)
at org.testng.TestNG.runSuitesLocally(TestNG.java:1137)
at org.testng.TestNG.runSuites(TestNG.java:1049)
at org.testng.TestNG.run(TestNG.java:1017)
at org.testng.TestNG.privateMain(TestNG.java:1354)
at org.testng.TestNG.main(TestNG.java:1323)
]]>
            </full-stacktrace>
          </exception> <!-- java.lang.IllegalStateException -->
          <reporter-output>
          </reporter-output>
        </test-method> <!-- test -->
      </class> <!-- com.webtest.liucheng.test6 -->
      <class name="com.webtest.liucheng.test5">
        <test-method status="SKIP" signature="doBeforeSuite()[pri:0, instance:com.webtest.liucheng.test5@3abbfa04]" name="doBeforeSuite" is-config="true" duration-ms="0" started-at="2018-12-12T06:25:43Z" finished-at="2018-12-12T06:25:43Z">
          <reporter-output>
          </reporter-output>
        </test-method> <!-- doBeforeSuite -->
        <test-method status="SKIP" signature="testLogin()[pri:0, instance:com.webtest.liucheng.test5@3abbfa04]" name="testLogin" is-config="true" duration-ms="0" started-at="2018-12-12T06:25:43Z" finished-at="2018-12-12T06:25:43Z">
          <reporter-output>
          </reporter-output>
        </test-method> <!-- testLogin -->
        <test-method status="SKIP" signature="test()[pri:0, instance:com.webtest.liucheng.test5@3abbfa04]" name="test" duration-ms="0" started-at="2018-12-12T06:25:43Z" finished-at="2018-12-12T06:25:43Z">
          <exception class="java.lang.IllegalStateException">
            <message>
              <![CDATA[Specified firefox binary location does not exist or is not a real file: C:\Program Files\Mozilla Firefox\firefox.exe]]>
            </message>
            <full-stacktrace>
              <![CDATA[java.lang.IllegalStateException: Specified firefox binary location does not exist or is not a real file: C:\Program Files\Mozilla Firefox\firefox.exe
at com.google.common.base.Preconditions.checkState(Preconditions.java:459)
at org.openqa.selenium.firefox.internal.Executable.<init>(Executable.java:45)
at org.openqa.selenium.firefox.FirefoxBinary.<init>(FirefoxBinary.java:139)
at org.openqa.selenium.firefox.FirefoxOptions$Binary.asBinary(FirefoxOptions.java:442)
[...]
          <exception class="java.lang.IllegalStateException">
            <message>
              <![CDATA[Specified firefox binary location does not exist or is not a real file: C:\Program Files\Mozilla Firefox\firefox.exe]]>
            </message>
            <full-stacktrace>
              <![CDATA[java.lang.IllegalStateException: Specified firefox binary location does not exist or is not a real file: C:\Program Files\Mozilla Firefox\firefox.exe
at com.google.common.base.Preconditions.checkState(Preconditions.java:459)
at org.openqa.selenium.firefox.internal.Executable.<init>(Executable.java:45)
at org.openqa.selenium.firefox.FirefoxBinary.<init>(FirefoxBinary.java:139)
at org.openqa.selenium.firefox.FirefoxOptions$Binary.asBinary(FirefoxOptions.java:442)
at java.util.Optional.map(Optional.java:215)
at org.openqa.selenium.firefox.FirefoxOptions.getBinaryOrNull(FirefoxOptions.java:221)
at org.openqa.selenium.firefox.FirefoxOptions.getBinary(FirefoxOptions.java:217)
at org.openqa.selenium.firefox.FirefoxDriver.toExecutor(FirefoxDriver.java:147)
at org.openqa.selenium.firefox.FirefoxDriver.<init>(FirefoxDriver.java:120)
at org.openqa.selenium.firefox.FirefoxDriver.<init>(FirefoxDriver.java:98)
at com.webtest.core.BaseTest.newWebDriver(Unknown Source)
at com.webtest.core.BaseTest.doBeforeSuite(Unknown Source)
at sun.reflect.NativeMethodAccessorImpl.invoke0(Native Method)
at sun.reflect.NativeMethodAccessorImpl.invoke(NativeMethodAccessorImpl.java:62)
at sun.reflect.DelegatingMethodAccessorImpl.invoke(DelegatingMethodAccessorImpl.java:43)
at java.lang.reflect.Method.invoke(Method.java:498)
at org.testng.internal.MethodInvocationHelper.invokeMethod(MethodInvocationHelper.java:124)
at org.testng.internal.MethodInvocationHelper.invokeMethodConsideringTimeout(MethodInvocationHelper.java:59)
at org.testng.internal.Invoker.invokeConfigurationMethod(Invoker.java:455)
at org.testng.internal.Invoker.invokeConfigurations(Invoker.java:222)
at org.testng.internal.Invoker.invokeConfigurations(Invoker.java:142)
at org.testng.internal.TestMethodWorker.invokeBeforeClassMethods(TestMethodWorker.java:168)
at org.testng.internal.TestMethodWorker.run(TestMethodWorker.java:105)
at org.testng.TestRunner.privateRun(TestRunner.java:648)
at org.testng.TestRunner.run(TestRunner.java:505)
at org.testng.SuiteRunner.runTest(SuiteRunner.java:455)
at org.testng.SuiteRunner.runSequentially(SuiteRunner.java:450)
at org.testng.SuiteRunner.privateRun(SuiteRunner.java:415)
at org.testng.SuiteRunner.run(SuiteRunner.java:364)
at org.testng.SuiteRunnerWorker.runSuite(SuiteRunnerWorker.java:52)
at org.testng.SuiteRunnerWorker.run(SuiteRunnerWorker.java:84)
at org.testng.TestNG.runSuitesSequentially(TestNG.java:1208)
at org.testng.TestNG.runSuitesLocally(TestNG.java:1137)
at org.testng.TestNG.runSuites(TestNG.java:1049)
at org.testng.TestNG.run(TestNG.java:1017)
at org.testng.TestNG.privateMain(TestNG.java:1354)
at org.testng.TestNG.main(TestNG.java:1323)
]]>
            </full-stacktrace>
          </exception> <!-- java.lang.IllegalStateException -->
          <reporter-output>
          </reporter-output>
        </test-method> <!-- login1 -->
        <test-method status="SKIP" signature="searchList(java.lang.String)[pri:0, instance:com.webtest.xinhu_personal.AddrList@5f341870]" name="searchList" duration-ms="0" started-at="2018-12-12T06:25:43Z" data-provider="txt1" depends-on-methods="com.webtest.xinhu_personal.AddrList.addrList" finished-at="2018-12-12T06:25:43Z">
          <exception class="java.lang.Throwable">
            <message>
              <![CDATA[Method AddrList.searchList(java.lang.String)[pri:0, instance:com.webtest.xinhu_personal.AddrList@5f341870] depends on not successfully finished methods]]>
            </message>
            <full-stacktrace>
              <![CDATA[java.lang.Throwable: Method AddrList.searchList(java.lang.String)[pri:0, instance:com.webtest.xinhu_personal.AddrList@5f341870] depends on not successfully finished methods
at org.testng.internal.Invoker.invokeTestMethods(Invoker.java:887)
at org.testng.internal.TestMethodWorker.invokeTestMethods(TestMethodWorker.java:125)
at org.testng.internal.TestMethodWorker.run(TestMethodWorker.java:109)
at org.testng.TestRunner.privateRun(TestRunner.java:648)
at org.testng.TestRunner.run(TestRunner.java:505)
at org.testng.SuiteRunner.runTest(SuiteRunner.java:455)
at org.testng.SuiteRunner.runSequentially(SuiteRunner.java:450)
at org.testng.SuiteRunner.privateRun(SuiteRunner.java:415)
at org.testng.SuiteRunner.run(SuiteRunner.java:364)
at org.testng.SuiteRunnerWorker.runSuite(SuiteRunnerWorker.java:52)
at org.testng.SuiteRunnerWorker.run(SuiteRunnerWorker.java:84)
at org.testng.TestNG.runSuitesSequentially(TestNG.java:1208)
at org.testng.TestNG.runSuitesLocally(TestNG.java:1137)
at org.testng.TestNG.runSuites(TestNG.java:1049)
at org.testng.TestNG.run(TestNG.java:1017)
at org.testng.TestNG.privateMain(TestNG.java:1354)
at org.testng.TestNG.main(TestNG.java:1323)
]]>
            </full-stacktrace>
          </exception> <!-- java.lang.Throwable -->
          <reporter-output>
          </reporter-output>
        </test-method> <!-- searchList -->
        <test-method status="SKIP" signature="addrList()[pri:0, instance:com.webtest.xinhu_personal.AddrList@5f341870]" name="addrList" duration-ms="0" started-at="2018-12-12T06:25:43Z" depends-on-methods="com.webtest.xinhu_personal.AddrList.login1" finished-at="2018-12-12T06:25:43Z">
          <exception class="java.lang.Throwable">
            <message>
              <![CDATA[Method AddrList.addrList()[pri:0, instance:com.webtest.xinhu_personal.AddrList@5f341870] depends on not successfully finished methods]]>
            </message>
            <full-stacktrace>
              <![CDATA[java.lang.Throwable: Method AddrList.addrList()[pri:0, instance:com.webtest.xinhu_personal.AddrList@5f341870] depends on not successfully finished methods
at org.testng.internal.Invoker.invokeTestMethods(Invoker.java:887)
at org.testng.internal.TestMethodWorker.invokeTestMethods(TestMethodWorker.java:125)
at org.testng.internal.TestMethodWorker.run(TestMethodWorker.java:109)
at org.testng.TestRunner.privateRun(TestRunner.java:648)
at org.testng.TestRunner.run(TestRunner.java:505)
at org.testng.SuiteRunner.runTest(SuiteRunner.java:455)
at org.testng.SuiteRunner.runSequentially(SuiteRunner.java:450)
at org.testng.SuiteRunner.privateRun(SuiteRunner.java:415)
at org.testng.SuiteRunner.run(SuiteRunner.java:364)
at org.testng.SuiteRunnerWorker.runSuite(SuiteRunnerWorker.java:52)
at org.testng.SuiteRunnerWorker.run(SuiteRunnerWorker.java:84)
at org.testng.TestNG.runSuitesSequentially(TestNG.java:1208)
at org.testng.TestNG.runSuitesLocally(TestNG.java:1137)
at org.testng.TestNG.runSuites(TestNG.java:1049)
at org.testng.TestNG.run(TestNG.java:1017)
at org.testng.TestNG.privateMain(TestNG.java:1354)
at org.testng.TestNG.main(TestNG.java:1323)
]]>
            </full-stacktrace>
          </exception> <!-- java.lang.Throwable -->
          <reporter-output>
          </reporter-output>
        </test-method> <!-- addrList -->
      </class> <!-- com.webtest.xinhu_personal.AddrList -->
      <class name="com.webtest.personnel.personnal_files.Add_Test">
        <test-method status="SKIP" signature="doBeforeSuite()[pri:0, instance:com.webtest.personnel.personnal_files.Add_Test@6eebc39e]" name="doBeforeSuite" is-config="true" duration-ms="0" started-at="2018-12-12T06:25:43Z" finished-at="2018-12-12T06:25:43Z">
          <reporter-output>
          </reporter-output>
        </test-method> <!-- doBeforeSuite -->
        <test-method status="SKIP" signature="initAction()[pri:0, instance:com.webtest.personnel.personnal_files.Add_Test@6eebc39e]" name="initAction" is-config="true" duration-ms="0" started-at="2018-12-12T06:25:43Z" finished-at="2018-12-12T06:25:43Z">
          <reporter-output>
          </reporter-output>
        </test-method> <!-- initAction -->
        <test-method status="SKIP" signature="testAddOutRecord()[pri:0, instance:com.webtest.personnel.personnal_files.Add_Test@6eebc39e]" name="testAddOutRecord" duration-ms="0" started-at="2018-12-12T06:25:43Z" finished-at="2018-12-12T06:25:43Z">
          <exception class="java.lang.IllegalStateException">
            <message>
              <![CDATA[Specified firefox binary location does not exist or is not a real file: C:\Program Files\Mozilla Firefox\firefox.exe]]>
            </message>
            <full-stacktrace>
              <![CDATA[java.lang.IllegalStateException: Specified firefox binary location does not exist or is not a real file: C:\Program Files\Mozilla Firefox\firefox.exe
at com.google.common.base.Preconditions.checkState(Preconditions.java:459)
at org.openqa.selenium.firefox.internal.Executable.<init>(Executable.java:45)
at org.openqa.selenium.firefox.FirefoxBinary.<init>(FirefoxBinary.java:139)
at org.openqa.selenium.firefox.FirefoxOptions$Binary.asBinary(FirefoxOptions.java:442)
at java.util.Optional.map(Optional.java:215)
at org.openqa.selenium.firefox.FirefoxOptions.getBinaryOrNull(FirefoxOptions.java:221)
at org.openqa.selenium.firefox.FirefoxOptions.getBinary(FirefoxOptions.java:217)
at org.openqa.selenium.firefox.FirefoxDriver.toExecutor(FirefoxDriver.java:147)
at org.openqa.selenium.firefox.FirefoxDriver.<init>(FirefoxDriver.java:120)
at org.openqa.selenium.firefox.FirefoxDriver.<init>(FirefoxDriver.java:98)
at com.webtest.core.BaseTest.newWebDriver(Unknown Source)
at com.webtest.core.BaseTest.doBeforeSuite(Unknown Source)
at sun.reflect.NativeMethodAccessorImpl.invoke0(Native Method)
at sun.reflect.NativeMethodAccessorImpl.invoke(NativeMethodAccessorImpl.java:62)
at sun.reflect.DelegatingMethodAccessorImpl.invoke(DelegatingMethodAccessorImpl.java:43)
at java.lang.reflect.Method.invoke(Method.java:498)
at org.testng.internal.MethodInvocationHelper.invokeMethod(MethodInvocationHelper.java:124)
at org.testng.internal.MethodInvocationHelper.invokeMethodConsideringTimeout(MethodInvocationHelper.java:59)
at org.testng.internal.Invoker.invokeConfigurationMethod(Invoker.java:455)
at org.testng.internal.Invoker.invokeConfigurations(Invoker.java:222)
at org.testng.internal.Invoker.invokeConfigurations(Invoker.java:142)
at org.testng.internal.TestMethodWorker.invokeBeforeClassMethods(TestMethodWorker.java:168)
at org.testng.internal.TestMethodWorker.run(TestMethodWorker.java:105)
at org.testng.TestRunner.privateRun(TestRunner.java:648)
at org.testng.TestRunner.run(TestRunner.java:505)
at org.testng.SuiteRunner.runTest(SuiteRunner.java:455)
at org.testng.SuiteRunner.runSequentially(SuiteRunner.java:450)
at org.testng.SuiteRunner.privateRun(SuiteRunner.java:415)
at org.testng.SuiteRunner.run(SuiteRunner.java:364)
at org.testng.SuiteRunnerWorker.runSuite(SuiteRunnerWorker.java:52)
at org.testng.SuiteRunnerWorker.run(SuiteRunnerWorker.java:84)
at org.testng.TestNG.runSuitesSequentially(TestNG.java:1208)
at org.testng.TestNG.runSuitesLocally(TestNG.java:1137)
at org.testng.TestNG.runSuites(TestNG.java:1049)
at org.testng.TestNG.run(TestNG.java:1017)
at org.testng.TestNG.privateMain(TestNG.java:1354)
at org.testng.TestNG.main(TestNG.java:1323)
]]>
            </full-stacktrace>
          </exception> <!-- java.lang.IllegalStateException -->
          <reporter-output>
          </reporter-output>
        </test-method> <!-- testAddOutRecord -->
        <test-method status="SKIP" signature="initAction()[pri:0, instance:com.webtest.personnel.personnal_files.Add_Test@6eebc39e]" name="initAction" is-config="true" duration-ms="0" started-at="2018-12-12T06:25:43Z" finished-at="2018-12-12T06:25:43Z">
          <reporter-output>
          </reporter-output>
        </test-method> <!-- initAction -->
        <test-method status="SKIP" signature="doAfterMethod()[pri:0, instance:com.webtest.personnel.personnal_files.Add_Test@6eebc39e]" name="doAfterMethod" is-config="true" duration-ms="0" started-at="2018-12-12T06:25:43Z" finished-at="2018-12-12T06:25:43Z">
          <reporter-output>
          </reporter-output>
        </test-method> <!-- doAfterMethod -->
        <test-method status="SKIP" signature="testNewContract()[pri:0, instance:com.webtest.personnel.personnal_files.Add_Test@6eebc39e]" name="testNewContract" duration-ms="0" started-at="2018-12-12T06:25:43Z" finished-at="2018-12-12T06:25:43Z">
          <exception class="java.lang.IllegalStateException">
            <message>
              <![CDATA[Specified firefox binary location does not exist or is not a real file: C:\Program Files\Mozilla Firefox\firefox.exe]]>
            </message>
            <full-stacktrace>
              <![CDATA[java.lang.IllegalStateException: Specified firefox binary location does not exist or is not a real file: C:\Program Files\Mozilla Firefox\firefox.exe
at com.google.common.base.Preconditions.checkState(Preconditions.java:459)
at org.openqa.selenium.firefox.internal.Executable.<init>(Executable.java:45)
at org.openqa.selenium.firefox.FirefoxBinary.<init>(FirefoxBinary.java:139)
at org.openqa.selenium.firefox.FirefoxOptions$Binary.asBinary(FirefoxOptions.java:442)
at java.util.Optional.map(Optional.java:215)
at org.openqa.selenium.firefox.FirefoxOptions.getBinaryOrNull(FirefoxOptions.java:221)
at org.openqa.selenium.firefox.FirefoxOptions.getBinary(FirefoxOptions.java:217)
at org.openqa.selenium.firefox.FirefoxDriver.toExecutor(FirefoxDriver.java:147)
at org.openqa.selenium.firefox.FirefoxDriver.<init>(FirefoxDriver.java:120)
at org.openqa.selenium.firefox.FirefoxDriver.<init>(FirefoxDriver.java:98)
at com.webtest.core.BaseTest.newWebDriver(Unknown Source)
at com.webtest.core.BaseTest.doBeforeSuite(Unknown Source)
at sun.reflect.NativeMethodAccessorImpl.invoke0(Native Method)
at sun.reflect.NativeMethodAccessorImpl.invoke(NativeMethodAccessorImpl.java:62)
at sun.reflect.DelegatingMethodAccessorImpl.invoke(DelegatingMethodAccessorImpl.java:43)
at java.lang.reflect.Method.invoke(Method.java:498)
at org.testng.internal.MethodInvocationHelper.invokeMethod(MethodInvocationHelper.java:124)
at org.testng.internal.MethodInvocationHelper.invokeMethodConsideringTimeout(MethodInvocationHelper.java:59)
at org.testng.internal.Invoker.invokeConfigurationMethod(Invoker.java:455)
at org.testng.internal.Invoker.invokeConfigurations(Invoker.java:222)
at org.testng.internal.Invoker.invokeConfigurations(Invoker.java:142)
at org.testng.internal.TestMethodWorker.invokeBeforeClassMethods(TestMethodWorker.java:168)
at org.testng.internal.TestMethodWorker.run(TestMethodWorker.java:105)
at org.testng.TestRunner.privateRun(TestRunner.java:648)
at org.testng.TestRunner.run(TestRunner.java:505)
at org.testng.SuiteRunner.runTest(SuiteRunner.java:455)
at org.testng.SuiteRunner.runSequentially(SuiteRunner.java:450)
at org.testng.SuiteRunner.privateRun(SuiteRunner.java:415)
at org.testng.SuiteRunner.run(SuiteRunner.java:364)
at org.testng.SuiteRunnerWorker.runSuite(SuiteRunnerWorker.java:52)
at org.testng.SuiteRunnerWorker.run(SuiteRunnerWorker.java:84)
at org.testng.TestNG.runSuitesSequentially(TestNG.java:1208)
at org.testng.TestNG.runSuitesLocally(TestNG.java:1137)
at org.testng.TestNG.runSuites(TestNG.java:1049)
at org.testng.TestNG.run(TestNG.java:1017)
at org.testng.TestNG.privateMain(TestNG.java:1354)
at org.testng.TestNG.main(TestNG.java:1323)
]]>
            </full-stacktrace>
          </exception> <!-- java.lang.IllegalStateException -->
          <reporter-output>
          </reporter-output>
        </test-method> <!-- testNewContract -->
      </class> <!-- com.webtest.personnel.personnal_files.Add_Test -->
      <class name="com.webtest.renwu.sousuo">
        <test-method status="SKIP" signature="doAfterMethod()[pri:0, instance:com.webtest.renwu.sousuo@5bcab519]" name="doAfterMethod" is-config="true" duration-ms="0" started-at="2018-12-12T06:25:43Z" finished-at="2018-12-12T06:25:43Z">
          <reporter-output>
          </reporter-output>
        </test-method> <!-- doAfterMethod -->
        <test-method status="SKIP" signature="doBeforeSuite()[pri:0, instance:com.webtest.renwu.sousuo@5bcab519]" name="doBeforeSuite" is-config="true" duration-ms="0" started-at="2018-12-12T06:25:43Z" finished-at="2018-12-12T06:25:43Z">
          <reporter-output>
          </reporter-output>
        </test-method> <!-- doBeforeSuite -->
        <test-method status="SKIP" signature="testSearch()[pri:0, instance:com.webtest.renwu.sousuo@5bcab519]" name="testSearch" duration-ms="0" started-at="2018-12-12T06:25:43Z" finished-at="2018-12-12T06:25:43Z">
          <exception class="java.lang.IllegalStateException">
            <message>
              <![CDATA[Specified firefox binary location does not exist or is not a real file: C:\Program Files\Mozilla Firefox\firefox.exe]]>
            </message>
            <full-stacktrace>
              <![CDATA[java.lang.IllegalStateException: Specified firefox binary location does not exist or is not a real file: C:\Program Files\Mozilla Firefox\firefox.exe
at com.google.common.base.Preconditions.checkState(Preconditions.java:459)
at org.openqa.selenium.firefox.internal.Executable.<init>(Executable.java:45)
at org.openqa.selenium.firefox.FirefoxBinary.<init>(FirefoxBinary.java:139)
at org.openqa.selenium.firefox.FirefoxOptions$Binary.asBinary(FirefoxOptions.java:442)
at java.util.Optional.map(Optional.java:215)
at org.openqa.selenium.firefox.FirefoxOptions.getBinaryOrNull(FirefoxOptions.java:221)
at org.openqa.selenium.firefox.FirefoxOptions.getBinary(FirefoxOptions.java:217)
at org.openqa.selenium.firefox.FirefoxDriver.toExecutor(FirefoxDriver.java:147)
at org.openqa.selenium.firefox.FirefoxDriver.<init>(FirefoxDriver.java:120)
at org.openqa.selenium.firefox.FirefoxDriver.<init>(FirefoxDriver.java:98)
at com.webtest.core.BaseTest.newWebDriver(Unknown Source)
at com.webtest.core.BaseTest.doBeforeSuite(Unknown Source)
at sun.reflect.NativeMethodAccessorImpl.invoke0(Native Method)
at sun.reflect.NativeMethodAccessorImpl.invoke(NativeMethodAccessorImpl.java:62)
at sun.reflect.DelegatingMethodAccessorImpl.invoke(DelegatingMethodAccessorImpl.java:43)
at java.lang.reflect.Method.invoke(Method.java:498)
at org.testng.internal.MethodInvocationHelper.invokeMethod(MethodInvocationHelper.java:124)
at org.testng.internal.MethodInvocationHelper.invokeMethodConsideringTimeout(MethodInvocationHelper.java:59)
at org.testng.internal.Invoker.invokeConfigurationMethod(Invoker.java:455)
at org.testng.internal.Invoker.invokeConfigurations(Invoker.java:222)
at org.testng.internal.Invoker.invokeConfigurations(Invoker.java:142)
at org.testng.internal.TestMethodWorker.invokeBeforeClassMethods(TestMethodWorker.java:168)
at org.testng.internal.TestMethodWorker.run(TestMethodWorker.java:105)
at org.testng.TestRunner.privateRun(TestRunner.java:648)
at org.testng.TestRunner.run(TestRunner.java:505)
at org.testng.SuiteRunner.runTest(SuiteRunner.java:455)
at org.testng.SuiteRunner.runSequentially(SuiteRunner.java:450)
at org.testng.SuiteRunner.privateRun(SuiteRunner.java:415)
at org.testng.SuiteRunner.run(SuiteRunner.java:364)
at org.testng.SuiteRunnerWorker.runSuite(SuiteRunnerWorker.java:52)
at org.testng.SuiteRunnerWorker.run(SuiteRunnerWorker.java:84)
at org.testng.TestNG.runSuitesSequentially(TestNG.java:1208)
at org.testng.TestNG.runSuitesLocally(TestNG.java:1137)
at org.testng.TestNG.runSuites(TestNG.java:1049)
at org.testng.TestNG.run(TestNG.java:1017)
at org.testng.TestNG.privateMain(TestNG.java:1354)
at org.testng.TestNG.main(TestNG.java:1323)
]]>
            </full-stacktrace>
          </exception> <!-- java.lang.IllegalStateException -->
          <reporter-output>
          </reporter-output>
        </test-method> <!-- testSearch -->
      </class> <!-- com.webtest.renwu.sousuo -->
    </test> <!-- personnel -->
  </suite> <!-- s1 -->
</testng-results>
